{"/home/travis/build/npmtest/node-npmtest-urijs/test.js":{"path":"/home/travis/build/npmtest/node-npmtest-urijs/test.js","s":{"1":2,"2":2,"3":2,"4":2,"5":2,"6":2,"7":2,"8":1,"9":2,"10":2,"11":1,"12":1,"13":1,"14":1,"15":2,"16":2,"17":2,"18":2,"19":1,"20":1,"21":2,"22":2,"23":2,"24":1,"25":1,"26":1,"27":1,"28":1,"29":1,"30":1,"31":1,"32":1,"33":1,"34":1,"35":1,"36":1,"37":1,"38":1,"39":2,"40":2,"41":1,"42":2,"43":2,"44":1,"45":2,"46":2,"47":1,"48":2,"49":2,"50":1,"51":1,"52":1,"53":1,"54":1},"b":{"1":[2,1,1,1],"2":[1,1,1,1],"3":[1,1],"4":[1,1],"5":[1,1],"6":[1,1],"7":[1,1],"8":[1,1],"9":[1,1],"10":[1,1,1],"11":[1,1],"12":[1,1],"13":[1,1],"14":[1,1],"15":[1,1],"16":[1,1],"17":[1,1]},"f":{"1":2,"2":2,"3":2,"4":2,"5":2,"6":1,"7":1,"8":1,"9":2,"10":2,"11":2,"12":2,"13":1},"fnMap":{"1":{"name":"(anonymous_1)","line":12,"loc":{"start":{"line":12,"column":1},"end":{"line":12,"column":13}}},"2":{"name":"(anonymous_2)","line":19,"loc":{"start":{"line":19,"column":5},"end":{"line":19,"column":17}}},"3":{"name":"(anonymous_3)","line":23,"loc":{"start":{"line":23,"column":24},"end":{"line":23,"column":36}}},"4":{"name":"(anonymous_4)","line":61,"loc":{"start":{"line":61,"column":5},"end":{"line":61,"column":17}}},"5":{"name":"(anonymous_5)","line":82,"loc":{"start":{"line":82,"column":5},"end":{"line":82,"column":17}}},"6":{"name":"(anonymous_6)","line":91,"loc":{"start":{"line":91,"column":77},"end":{"line":94,"column":10}}},"7":{"name":"(anonymous_7)","line":112,"loc":{"start":{"line":112,"column":83},"end":{"line":115,"column":10}},"skip":true},"8":{"name":"(anonymous_8)","line":123,"loc":{"start":{"line":123,"column":77},"end":{"line":126,"column":10}},"skip":true},"9":{"name":"(anonymous_9)","line":139,"loc":{"start":{"line":139,"column":12},"end":{"line":139,"column":40}},"skip":true},"10":{"name":"(anonymous_10)","line":147,"loc":{"start":{"line":147,"column":77},"end":{"line":150,"column":10}},"skip":true},"11":{"name":"(anonymous_11)","line":158,"loc":{"start":{"line":158,"column":83},"end":{"line":161,"column":10}},"skip":true},"12":{"name":"(anonymous_12)","line":169,"loc":{"start":{"line":169,"column":79},"end":{"line":172,"column":10}},"skip":true},"13":{"name":"(anonymous_13)","line":180,"loc":{"start":{"line":180,"column":75},"end":{"line":183,"column":10}},"skip":true}},"statementMap":{"1":{"start":{"line":12,"column":0},"end":{"line":195,"column":5}},"2":{"start":{"line":14,"column":4},"end":{"line":14,"column":14}},"3":{"start":{"line":19,"column":4},"end":{"line":56,"column":9}},"4":{"start":{"line":21,"column":8},"end":{"line":21,"column":19}},"5":{"start":{"line":23,"column":8},"end":{"line":35,"column":13}},"6":{"start":{"line":24,"column":12},"end":{"line":34,"column":13}},"7":{"start":{"line":25,"column":16},"end":{"line":28,"column":30}},"8":{"start":{"line":30,"column":16},"end":{"line":33,"column":27}},"9":{"start":{"line":37,"column":8},"end":{"line":39,"column":21}},"10":{"start":{"line":40,"column":8},"end":{"line":53,"column":9}},"11":{"start":{"line":43,"column":12},"end":{"line":46,"column":14}},"12":{"start":{"line":47,"column":12},"end":{"line":47,"column":18}},"13":{"start":{"line":50,"column":12},"end":{"line":51,"column":46}},"14":{"start":{"line":52,"column":12},"end":{"line":52,"column":18}},"15":{"start":{"line":55,"column":8},"end":{"line":55,"column":35}},"16":{"start":{"line":61,"column":4},"end":{"line":63,"column":9}},"17":{"start":{"line":62,"column":8},"end":{"line":62,"column":15}},"18":{"start":{"line":64,"column":4},"end":{"line":77,"column":5}},"19":{"start":{"line":70,"column":8},"end":{"line":70,"column":14}},"20":{"start":{"line":76,"column":8},"end":{"line":76,"column":14}},"21":{"start":{"line":82,"column":4},"end":{"line":84,"column":9}},"22":{"start":{"line":83,"column":8},"end":{"line":83,"column":15}},"23":{"start":{"line":85,"column":4},"end":{"line":194,"column":5}},"24":{"start":{"line":91,"column":8},"end":{"line":99,"column":10}},"25":{"start":{"line":98,"column":12},"end":{"line":98,"column":35}},"26":{"start":{"line":102,"column":8},"end":{"line":104,"column":63}},"27":{"start":{"line":105,"column":8},"end":{"line":105,"column":14}},"28":{"start":{"line":112,"column":8},"end":{"line":121,"column":10},"skip":true},"29":{"start":{"line":119,"column":12},"end":{"line":119,"column":55},"skip":true},"30":{"start":{"line":120,"column":12},"end":{"line":120,"column":48},"skip":true},"31":{"start":{"line":123,"column":8},"end":{"line":136,"column":10},"skip":true},"32":{"start":{"line":130,"column":12},"end":{"line":130,"column":76},"skip":true},"33":{"start":{"line":131,"column":12},"end":{"line":131,"column":73},"skip":true},"34":{"start":{"line":132,"column":12},"end":{"line":132,"column":74},"skip":true},"35":{"start":{"line":133,"column":12},"end":{"line":133,"column":79},"skip":true},"36":{"start":{"line":134,"column":12},"end":{"line":134,"column":25},"skip":true},"37":{"start":{"line":135,"column":12},"end":{"line":135,"column":45},"skip":true},"38":{"start":{"line":138,"column":8},"end":{"line":145,"column":14},"skip":true},"39":{"start":{"line":143,"column":16},"end":{"line":143,"column":29},"skip":true},"40":{"start":{"line":144,"column":16},"end":{"line":144,"column":55},"skip":true},"41":{"start":{"line":147,"column":8},"end":{"line":156,"column":10},"skip":true},"42":{"start":{"line":154,"column":12},"end":{"line":154,"column":25},"skip":true},"43":{"start":{"line":155,"column":12},"end":{"line":155,"column":45},"skip":true},"44":{"start":{"line":158,"column":8},"end":{"line":167,"column":10},"skip":true},"45":{"start":{"line":165,"column":12},"end":{"line":165,"column":25},"skip":true},"46":{"start":{"line":166,"column":12},"end":{"line":166,"column":48},"skip":true},"47":{"start":{"line":169,"column":8},"end":{"line":178,"column":10},"skip":true},"48":{"start":{"line":176,"column":12},"end":{"line":176,"column":25},"skip":true},"49":{"start":{"line":177,"column":12},"end":{"line":177,"column":46},"skip":true},"50":{"start":{"line":180,"column":8},"end":{"line":189,"column":10},"skip":true},"51":{"start":{"line":187,"column":12},"end":{"line":187,"column":94},"skip":true},"52":{"start":{"line":188,"column":12},"end":{"line":188,"column":48},"skip":true},"53":{"start":{"line":192,"column":8},"end":{"line":192,"column":35},"skip":true},"54":{"start":{"line":193,"column":8},"end":{"line":193,"column":14},"skip":true}},"branchMap":{"1":{"line":25,"type":"binary-expr","locations":[{"start":{"line":25,"column":23},"end":{"line":25,"column":62}},{"start":{"line":26,"column":20},"end":{"line":26,"column":70}},{"start":{"line":27,"column":20},"end":{"line":27,"column":71}},{"start":{"line":28,"column":20},"end":{"line":28,"column":29}}]},"2":{"line":30,"type":"binary-expr","locations":[{"start":{"line":30,"column":23},"end":{"line":30,"column":37}},{"start":{"line":31,"column":20},"end":{"line":31,"column":61}},{"start":{"line":32,"column":20},"end":{"line":32,"column":70}},{"start":{"line":33,"column":20},"end":{"line":33,"column":26}}]},"3":{"line":37,"type":"cond-expr","locations":[{"start":{"line":38,"column":14},"end":{"line":38,"column":20}},{"start":{"line":39,"column":14},"end":{"line":39,"column":20}}]},"4":{"line":40,"type":"switch","locations":[{"start":{"line":42,"column":8},"end":{"line":47,"column":18}},{"start":{"line":49,"column":8},"end":{"line":52,"column":18}}]},"5":{"line":44,"type":"binary-expr","locations":[{"start":{"line":44,"column":16},"end":{"line":44,"column":44}},{"start":{"line":44,"column":48},"end":{"line":44,"column":66}}]},"6":{"line":50,"type":"binary-expr","locations":[{"start":{"line":50,"column":21},"end":{"line":50,"column":49}},{"start":{"line":50,"column":53},"end":{"line":50,"column":72}}]},"7":{"line":64,"type":"switch","locations":[{"start":{"line":69,"column":4},"end":{"line":70,"column":14}},{"start":{"line":75,"column":4},"end":{"line":76,"column":14}}]},"8":{"line":85,"type":"switch","locations":[{"start":{"line":90,"column":4},"end":{"line":105,"column":14}},{"start":{"line":111,"column":4},"end":{"line":193,"column":14},"skip":true}]},"9":{"line":91,"type":"binary-expr","locations":[{"start":{"line":91,"column":42},"end":{"line":91,"column":73}},{"start":{"line":91,"column":77},"end":{"line":99,"column":9}}]},"10":{"line":102,"type":"binary-expr","locations":[{"start":{"line":102,"column":18},"end":{"line":102,"column":32}},{"start":{"line":103,"column":12},"end":{"line":103,"column":53}},{"start":{"line":104,"column":12},"end":{"line":104,"column":61}}]},"11":{"line":112,"type":"binary-expr","locations":[{"start":{"line":112,"column":45},"end":{"line":112,"column":79},"skip":true},{"start":{"line":112,"column":83},"end":{"line":121,"column":9},"skip":true}]},"12":{"line":123,"type":"binary-expr","locations":[{"start":{"line":123,"column":42},"end":{"line":123,"column":73},"skip":true},{"start":{"line":123,"column":77},"end":{"line":136,"column":9},"skip":true}]},"13":{"line":138,"type":"binary-expr","locations":[{"start":{"line":138,"column":48},"end":{"line":138,"column":85},"skip":true},{"start":{"line":139,"column":12},"end":{"line":145,"column":13},"skip":true}]},"14":{"line":147,"type":"binary-expr","locations":[{"start":{"line":147,"column":42},"end":{"line":147,"column":73},"skip":true},{"start":{"line":147,"column":77},"end":{"line":156,"column":9},"skip":true}]},"15":{"line":158,"type":"binary-expr","locations":[{"start":{"line":158,"column":45},"end":{"line":158,"column":79},"skip":true},{"start":{"line":158,"column":83},"end":{"line":167,"column":9},"skip":true}]},"16":{"line":169,"type":"binary-expr","locations":[{"start":{"line":169,"column":43},"end":{"line":169,"column":75},"skip":true},{"start":{"line":169,"column":79},"end":{"line":178,"column":9},"skip":true}]},"17":{"line":180,"type":"binary-expr","locations":[{"start":{"line":180,"column":41},"end":{"line":180,"column":71},"skip":true},{"start":{"line":180,"column":75},"end":{"line":189,"column":9},"skip":true}]}},"code":["/* istanbul instrument in package npmtest_urijs */","/*jslint","    bitwise: true,","    browser: true,","    maxerr: 8,","    maxlen: 96,","    node: true,","    nomen: true,","    regexp: true,","    stupid: true","*/","(function () {","    'use strict';","    var local;","","","","    // run shared js-env code - pre-init","    (function () {","        // init local","        local = {};","        // init modeJs","        local.modeJs = (function () {","            try {","                return typeof navigator.userAgent === 'string' &&","                    typeof document.querySelector('body') === 'object' &&","                    typeof XMLHttpRequest.prototype.open === 'function' &&","                    'browser';","            } catch (errorCaughtBrowser) {","                return module.exports &&","                    typeof process.versions.node === 'string' &&","                    typeof require('http').createServer === 'function' &&","                    'node';","            }","        }());","        // init global","        local.global = local.modeJs === 'browser'","            ? window","            : global;","        switch (local.modeJs) {","        // re-init local from window.local","        case 'browser':","            local = local.global.utility2.objectSetDefault(","                local.global.utility2_rollup || local.global.local,","                local.global.utility2","            );","            break;","        // re-init local from example.js","        case 'node':","            local = (local.global.utility2_rollup || require('utility2'))","                .requireExampleJsFromReadme();","            break;","        }","        // export local","        local.global.local = local;","    }());","","","","    // run shared js-env code - function","    (function () {","        return;","    }());","    switch (local.modeJs) {","","","","    // run browser js-env code - function","    case 'browser':","        break;","","","","    // run node js-env code - function","    case 'node':","        break;","    }","","","","    // run shared js-env code - post-init","    (function () {","        return;","    }());","    switch (local.modeJs) {","","","","    // run browser js-env code - post-init","    case 'browser':","        local.testCase_browser_nullCase = local.testCase_browser_nullCase || function (","            options,","            onError","        ) {","        /*","         * this function will test browsers's null-case handling-behavior-behavior","         */","            onError(null, options);","        };","","        // run tests","        local.nop(local.modeTest &&","            document.querySelector('#testRunButton1') &&","            document.querySelector('#testRunButton1').click());","        break;","","","","    // run node js-env code - post-init","    /* istanbul ignore next */","    case 'node':","        local.testCase_buildApidoc_default = local.testCase_buildApidoc_default || function (","            options,","            onError","        ) {","        /*","         * this function will test buildApidoc's default handling-behavior-behavior","         */","            options = { modulePathList: module.paths };","            local.buildApidoc(options, onError);","        };","","        local.testCase_buildApp_default = local.testCase_buildApp_default || function (","            options,","            onError","        ) {","        /*","         * this function will test buildApp's default handling-behavior-behavior","         */","            local.testCase_buildReadme_default(options, local.onErrorThrow);","            local.testCase_buildLib_default(options, local.onErrorThrow);","            local.testCase_buildTest_default(options, local.onErrorThrow);","            local.testCase_buildCustomOrg_default(options, local.onErrorThrow);","            options = [];","            local.buildApp(options, onError);","        };","","        local.testCase_buildCustomOrg_default = local.testCase_buildCustomOrg_default ||","            function (options, onError) {","            /*","             * this function will test buildCustomOrg's default handling-behavior","             */","                options = {};","                local.buildCustomOrg(options, onError);","            };","","        local.testCase_buildLib_default = local.testCase_buildLib_default || function (","            options,","            onError","        ) {","        /*","         * this function will test buildLib's default handling-behavior","         */","            options = {};","            local.buildLib(options, onError);","        };","","        local.testCase_buildReadme_default = local.testCase_buildReadme_default || function (","            options,","            onError","        ) {","        /*","         * this function will test buildReadme's default handling-behavior-behavior","         */","            options = {};","            local.buildReadme(options, onError);","        };","","        local.testCase_buildTest_default = local.testCase_buildTest_default || function (","            options,","            onError","        ) {","        /*","         * this function will test buildTest's default handling-behavior","         */","            options = {};","            local.buildTest(options, onError);","        };","","        local.testCase_webpage_default = local.testCase_webpage_default || function (","            options,","            onError","        ) {","        /*","         * this function will test webpage's default handling-behavior","         */","            options = { modeCoverageMerge: true, url: local.serverLocalHost + '?modeTest=1' };","            local.browserTest(options, onError);","        };","","        // run test-server","        local.testRunServer(local);","        break;","    }","}());",""],"l":{"12":2,"14":2,"19":2,"21":2,"23":2,"24":2,"25":2,"30":1,"37":2,"40":2,"43":1,"47":1,"50":1,"52":1,"55":2,"61":2,"62":2,"64":2,"70":1,"76":1,"82":2,"83":2,"85":2,"91":1,"98":1,"102":1,"105":1,"112":1,"119":1,"120":1,"123":1,"130":1,"131":1,"132":1,"133":1,"134":1,"135":1,"138":1,"143":2,"144":2,"147":1,"154":2,"155":2,"158":1,"165":2,"166":2,"169":1,"176":2,"177":2,"180":1,"187":1,"188":1,"192":1,"193":1}},"/home/travis/build/npmtest/node-npmtest-urijs/lib.npmtest_urijs.js":{"path":"/home/travis/build/npmtest/node-npmtest-urijs/lib.npmtest_urijs.js","s":{"1":2,"2":2,"3":2,"4":2,"5":2,"6":2,"7":2,"8":1,"9":2,"10":2,"11":2,"12":2,"13":1,"14":1,"15":1,"16":1},"b":{"1":[2,1,1,1],"2":[1,1,1,1],"3":[1,1],"4":[2,2],"5":[1,1]},"f":{"1":2,"2":2,"3":2},"fnMap":{"1":{"name":"(anonymous_1)","line":12,"loc":{"start":{"line":12,"column":1},"end":{"line":12,"column":13}}},"2":{"name":"(anonymous_2)","line":19,"loc":{"start":{"line":19,"column":5},"end":{"line":19,"column":17}}},"3":{"name":"(anonymous_3)","line":23,"loc":{"start":{"line":23,"column":24},"end":{"line":23,"column":36}}}},"statementMap":{"1":{"start":{"line":12,"column":0},"end":{"line":53,"column":5}},"2":{"start":{"line":14,"column":4},"end":{"line":14,"column":14}},"3":{"start":{"line":19,"column":4},"end":{"line":52,"column":9}},"4":{"start":{"line":21,"column":8},"end":{"line":21,"column":19}},"5":{"start":{"line":23,"column":8},"end":{"line":35,"column":13}},"6":{"start":{"line":24,"column":12},"end":{"line":34,"column":13}},"7":{"start":{"line":25,"column":16},"end":{"line":28,"column":30}},"8":{"start":{"line":30,"column":16},"end":{"line":33,"column":27}},"9":{"start":{"line":37,"column":8},"end":{"line":39,"column":21}},"10":{"start":{"line":41,"column":8},"end":{"line":41,"column":54}},"11":{"start":{"line":43,"column":8},"end":{"line":43,"column":50}},"12":{"start":{"line":45,"column":8},"end":{"line":51,"column":9}},"13":{"start":{"line":46,"column":12},"end":{"line":46,"column":56}},"14":{"start":{"line":48,"column":12},"end":{"line":48,"column":35}},"15":{"start":{"line":49,"column":12},"end":{"line":49,"column":49}},"16":{"start":{"line":50,"column":12},"end":{"line":50,"column":43}}},"branchMap":{"1":{"line":25,"type":"binary-expr","locations":[{"start":{"line":25,"column":23},"end":{"line":25,"column":62}},{"start":{"line":26,"column":20},"end":{"line":26,"column":70}},{"start":{"line":27,"column":20},"end":{"line":27,"column":71}},{"start":{"line":28,"column":20},"end":{"line":28,"column":29}}]},"2":{"line":30,"type":"binary-expr","locations":[{"start":{"line":30,"column":23},"end":{"line":30,"column":37}},{"start":{"line":31,"column":20},"end":{"line":31,"column":61}},{"start":{"line":32,"column":20},"end":{"line":32,"column":70}},{"start":{"line":33,"column":20},"end":{"line":33,"column":26}}]},"3":{"line":37,"type":"cond-expr","locations":[{"start":{"line":38,"column":14},"end":{"line":38,"column":20}},{"start":{"line":39,"column":14},"end":{"line":39,"column":20}}]},"4":{"line":41,"type":"binary-expr","locations":[{"start":{"line":41,"column":16},"end":{"line":41,"column":44}},{"start":{"line":41,"column":48},"end":{"line":41,"column":53}}]},"5":{"line":45,"type":"if","locations":[{"start":{"line":45,"column":8},"end":{"line":45,"column":8}},{"start":{"line":45,"column":8},"end":{"line":45,"column":8}}]}},"code":["/* istanbul instrument in package npmtest_urijs */","/*jslint","    bitwise: true,","    browser: true,","    maxerr: 8,","    maxlen: 96,","    node: true,","    nomen: true,","    regexp: true,","    stupid: true","*/","(function () {","    'use strict';","    var local;","","","","    // run shared js-env code - pre-init","    (function () {","        // init local","        local = {};","        // init modeJs","        local.modeJs = (function () {","            try {","                return typeof navigator.userAgent === 'string' &&","                    typeof document.querySelector('body') === 'object' &&","                    typeof XMLHttpRequest.prototype.open === 'function' &&","                    'browser';","            } catch (errorCaughtBrowser) {","                return module.exports &&","                    typeof process.versions.node === 'string' &&","                    typeof require('http').createServer === 'function' &&","                    'node';","            }","        }());","        // init global","        local.global = local.modeJs === 'browser'","            ? window","            : global;","        // init utility2_rollup","        local = local.global.utility2_rollup || local;","        // init lib","        local.local = local.npmtest_urijs = local;","        // init exports","        if (local.modeJs === 'browser') {","            local.global.utility2_npmtest_urijs = local;","        } else {","            module.exports = local;","            module.exports.__dirname = __dirname;","            module.exports.module = module;","        }","    }());","}());",""],"l":{"12":2,"14":2,"19":2,"21":2,"23":2,"24":2,"25":2,"30":1,"37":2,"41":2,"43":2,"45":2,"46":1,"48":1,"49":1,"50":1}},"/home/travis/build/npmtest/node-npmtest-urijs/example.js":{"path":"/home/travis/build/npmtest/node-npmtest-urijs/example.js","s":{"1":2,"2":2,"3":2,"4":2,"5":2,"6":2,"7":2,"8":1,"9":2,"10":2,"11":2,"12":2,"13":1,"14":2,"15":2,"16":2,"17":2,"18":2,"19":0,"20":2,"21":1,"22":1,"23":1,"24":1,"25":1,"26":0,"27":0,"28":1,"29":1,"30":2,"31":0,"32":0,"33":0,"34":1,"35":2,"36":2,"37":3,"38":3,"39":3,"40":3,"41":0,"42":3,"43":3,"44":3,"45":1,"46":3,"47":1,"48":1,"49":1,"50":1,"51":1,"52":1,"53":1,"54":1,"55":1,"56":1,"57":0,"58":1,"59":6,"60":6,"61":1,"62":2,"63":0,"64":2,"65":1,"66":1,"67":0,"68":0,"69":0,"70":0,"71":0,"72":0,"73":0,"74":0,"75":0,"76":0,"77":0,"78":0,"79":0,"80":0,"81":0,"82":0,"83":0},"b":{"1":[2,1,1,1],"2":[1,1,1,1],"3":[1,1],"4":[2,2],"5":[1,1],"6":[1,1],"7":[2,0],"8":[2,1,1,1,1,1],"9":[0,2,0],"10":[1,1],"11":[2,1,1],"12":[1,0],"13":[0,2],"14":[2,0,0,0,0,0,0],"15":[0,3],"16":[3,0],"17":[1,1],"18":[0,1],"19":[1,2,0,2],"20":[1,0],"21":[1,1],"22":[0,0],"23":[0,0],"24":[0,0],"25":[0,0],"26":[0,0],"27":[0,0],"28":[0,0]},"f":{"1":2,"2":2,"3":2,"4":2,"5":2,"6":2,"7":3,"8":3,"9":3,"10":1,"11":6,"12":0},"fnMap":{"1":{"name":"(anonymous_1)","line":26,"loc":{"start":{"line":26,"column":1},"end":{"line":26,"column":13}}},"2":{"name":"(anonymous_2)","line":33,"loc":{"start":{"line":33,"column":5},"end":{"line":33,"column":17}}},"3":{"name":"(anonymous_3)","line":37,"loc":{"start":{"line":37,"column":24},"end":{"line":37,"column":36}}},"4":{"name":"(anonymous_4)","line":69,"loc":{"start":{"line":69,"column":31},"end":{"line":69,"column":48}},"skip":true},"5":{"name":"(anonymous_5)","line":78,"loc":{"start":{"line":78,"column":26},"end":{"line":78,"column":45}},"skip":true},"6":{"name":"(anonymous_6)","line":123,"loc":{"start":{"line":123,"column":33},"end":{"line":123,"column":48}},"skip":true},"7":{"name":"(anonymous_7)","line":125,"loc":{"start":{"line":125,"column":27},"end":{"line":125,"column":39}},"skip":true},"8":{"name":"(anonymous_8)","line":133,"loc":{"start":{"line":133,"column":59},"end":{"line":133,"column":74}},"skip":true},"9":{"name":"(anonymous_9)","line":143,"loc":{"start":{"line":143,"column":45},"end":{"line":143,"column":62}},"skip":true},"10":{"name":"(anonymous_10)","line":144,"loc":{"start":{"line":144,"column":73},"end":{"line":144,"column":92}},"skip":true},"11":{"name":"(anonymous_11)","line":272,"loc":{"start":{"line":272,"column":51},"end":{"line":272,"column":77}},"skip":true},"12":{"name":"(anonymous_12)","line":315,"loc":{"start":{"line":315,"column":32},"end":{"line":315,"column":61}},"skip":true}},"statementMap":{"1":{"start":{"line":26,"column":0},"end":{"line":326,"column":5}},"2":{"start":{"line":28,"column":4},"end":{"line":28,"column":14}},"3":{"start":{"line":33,"column":4},"end":{"line":60,"column":9}},"4":{"start":{"line":35,"column":8},"end":{"line":35,"column":19}},"5":{"start":{"line":37,"column":8},"end":{"line":49,"column":13}},"6":{"start":{"line":38,"column":12},"end":{"line":48,"column":13}},"7":{"start":{"line":39,"column":16},"end":{"line":42,"column":30}},"8":{"start":{"line":44,"column":16},"end":{"line":47,"column":27}},"9":{"start":{"line":51,"column":8},"end":{"line":53,"column":21}},"10":{"start":{"line":55,"column":8},"end":{"line":57,"column":45}},"11":{"start":{"line":59,"column":8},"end":{"line":59,"column":35}},"12":{"start":{"line":61,"column":4},"end":{"line":325,"column":5}},"13":{"start":{"line":69,"column":8},"end":{"line":121,"column":10},"skip":true},"14":{"start":{"line":70,"column":12},"end":{"line":88,"column":13},"skip":true},"15":{"start":{"line":76,"column":16},"end":{"line":87,"column":19},"skip":true},"16":{"start":{"line":79,"column":20},"end":{"line":86,"column":21},"skip":true},"17":{"start":{"line":82,"column":24},"end":{"line":82,"column":43},"skip":true},"18":{"start":{"line":83,"column":24},"end":{"line":83,"column":30},"skip":true},"19":{"start":{"line":85,"column":24},"end":{"line":85,"column":49},"skip":true},"20":{"start":{"line":89,"column":12},"end":{"line":107,"column":13},"skip":true},"21":{"start":{"line":92,"column":16},"end":{"line":102,"column":17},"skip":true},"22":{"start":{"line":93,"column":20},"end":{"line":93,"column":86},"skip":true},"23":{"start":{"line":94,"column":20},"end":{"line":95,"column":45},"skip":true},"24":{"start":{"line":96,"column":20},"end":{"line":96,"column":42},"skip":true},"25":{"start":{"line":97,"column":20},"end":{"line":97,"column":48},"skip":true},"26":{"start":{"line":100,"column":20},"end":{"line":100,"column":85},"skip":true},"27":{"start":{"line":101,"column":20},"end":{"line":101,"column":96},"skip":true},"28":{"start":{"line":103,"column":16},"end":{"line":103,"column":22},"skip":true},"29":{"start":{"line":106,"column":16},"end":{"line":106,"column":22},"skip":true},"30":{"start":{"line":108,"column":12},"end":{"line":120,"column":13},"skip":true},"31":{"start":{"line":114,"column":16},"end":{"line":119,"column":17},"skip":true},"32":{"start":{"line":116,"column":20},"end":{"line":116,"column":78},"skip":true},"33":{"start":{"line":118,"column":20},"end":{"line":118,"column":47},"skip":true},"34":{"start":{"line":123,"column":8},"end":{"line":141,"column":11},"skip":true},"35":{"start":{"line":124,"column":12},"end":{"line":124,"column":54},"skip":true},"36":{"start":{"line":125,"column":12},"end":{"line":140,"column":14},"skip":true},"37":{"start":{"line":126,"column":16},"end":{"line":126,"column":28},"skip":true},"38":{"start":{"line":127,"column":16},"end":{"line":127,"column":69},"skip":true},"39":{"start":{"line":128,"column":16},"end":{"line":128,"column":75},"skip":true},"40":{"start":{"line":129,"column":16},"end":{"line":131,"column":17},"skip":true},"41":{"start":{"line":130,"column":20},"end":{"line":130,"column":27},"skip":true},"42":{"start":{"line":133,"column":16},"end":{"line":137,"column":36},"skip":true},"43":{"start":{"line":134,"column":20},"end":{"line":136,"column":55},"skip":true},"44":{"start":{"line":139,"column":16},"end":{"line":139,"column":57},"skip":true},"45":{"start":{"line":143,"column":8},"end":{"line":147,"column":11},"skip":true},"46":{"start":{"line":144,"column":12},"end":{"line":146,"column":15},"skip":true},"47":{"start":{"line":145,"column":16},"end":{"line":145,"column":70},"skip":true},"48":{"start":{"line":149,"column":8},"end":{"line":149,"column":31},"skip":true},"49":{"start":{"line":150,"column":8},"end":{"line":150,"column":14},"skip":true},"50":{"start":{"line":158,"column":8},"end":{"line":158,"column":31},"skip":true},"51":{"start":{"line":160,"column":8},"end":{"line":160,"column":33},"skip":true},"52":{"start":{"line":161,"column":8},"end":{"line":161,"column":37},"skip":true},"53":{"start":{"line":162,"column":8},"end":{"line":162,"column":35},"skip":true},"54":{"start":{"line":164,"column":8},"end":{"line":164,"column":50},"skip":true},"55":{"start":{"line":166,"column":8},"end":{"line":256,"column":2},"skip":true},"56":{"start":{"line":258,"column":8},"end":{"line":286,"column":9},"skip":true},"57":{"start":{"line":259,"column":12},"end":{"line":269,"column":14},"skip":true},"58":{"start":{"line":271,"column":12},"end":{"line":285,"column":19},"skip":true},"59":{"start":{"line":274,"column":20},"end":{"line":274,"column":35},"skip":true},"60":{"start":{"line":275,"column":20},"end":{"line":284,"column":21},"skip":true},"61":{"start":{"line":277,"column":24},"end":{"line":277,"column":64},"skip":true},"62":{"start":{"line":279,"column":24},"end":{"line":279,"column":40},"skip":true},"63":{"start":{"line":281,"column":24},"end":{"line":281,"column":40},"skip":true},"64":{"start":{"line":283,"column":24},"end":{"line":283,"column":39},"skip":true},"65":{"start":{"line":288,"column":8},"end":{"line":290,"column":9},"skip":true},"66":{"start":{"line":289,"column":12},"end":{"line":289,"column":18},"skip":true},"67":{"start":{"line":291,"column":8},"end":{"line":293,"column":54},"skip":true},"68":{"start":{"line":296,"column":8},"end":{"line":301,"column":37},"skip":true},"69":{"start":{"line":303,"column":8},"end":{"line":303,"column":82},"skip":true},"70":{"start":{"line":306,"column":8},"end":{"line":308,"column":9},"skip":true},"71":{"start":{"line":307,"column":12},"end":{"line":307,"column":82},"skip":true},"72":{"start":{"line":310,"column":8},"end":{"line":312,"column":9},"skip":true},"73":{"start":{"line":311,"column":12},"end":{"line":311,"column":18},"skip":true},"74":{"start":{"line":313,"column":8},"end":{"line":313,"column":54},"skip":true},"75":{"start":{"line":314,"column":8},"end":{"line":314,"column":69},"skip":true},"76":{"start":{"line":315,"column":8},"end":{"line":323,"column":36},"skip":true},"77":{"start":{"line":316,"column":12},"end":{"line":316,"column":61},"skip":true},"78":{"start":{"line":317,"column":12},"end":{"line":320,"column":13},"skip":true},"79":{"start":{"line":318,"column":16},"end":{"line":318,"column":75},"skip":true},"80":{"start":{"line":319,"column":16},"end":{"line":319,"column":23},"skip":true},"81":{"start":{"line":321,"column":12},"end":{"line":321,"column":38},"skip":true},"82":{"start":{"line":322,"column":12},"end":{"line":322,"column":27},"skip":true},"83":{"start":{"line":324,"column":8},"end":{"line":324,"column":14},"skip":true}},"branchMap":{"1":{"line":39,"type":"binary-expr","locations":[{"start":{"line":39,"column":23},"end":{"line":39,"column":62}},{"start":{"line":40,"column":20},"end":{"line":40,"column":70}},{"start":{"line":41,"column":20},"end":{"line":41,"column":71}},{"start":{"line":42,"column":20},"end":{"line":42,"column":29}}]},"2":{"line":44,"type":"binary-expr","locations":[{"start":{"line":44,"column":23},"end":{"line":44,"column":37}},{"start":{"line":45,"column":20},"end":{"line":45,"column":61}},{"start":{"line":46,"column":20},"end":{"line":46,"column":70}},{"start":{"line":47,"column":20},"end":{"line":47,"column":26}}]},"3":{"line":51,"type":"cond-expr","locations":[{"start":{"line":52,"column":14},"end":{"line":52,"column":20}},{"start":{"line":53,"column":14},"end":{"line":53,"column":20}}]},"4":{"line":55,"type":"binary-expr","locations":[{"start":{"line":55,"column":16},"end":{"line":55,"column":44}},{"start":{"line":55,"column":49},"end":{"line":57,"column":43}}]},"5":{"line":55,"type":"cond-expr","locations":[{"start":{"line":56,"column":14},"end":{"line":56,"column":49}},{"start":{"line":57,"column":14},"end":{"line":57,"column":43}}]},"6":{"line":61,"type":"switch","locations":[{"start":{"line":68,"column":4},"end":{"line":150,"column":14},"skip":true},{"start":{"line":156,"column":4},"end":{"line":324,"column":14},"skip":true}]},"7":{"line":70,"type":"if","locations":[{"start":{"line":70,"column":12},"end":{"line":70,"column":12},"skip":true},{"start":{"line":70,"column":12},"end":{"line":70,"column":12},"skip":true}]},"8":{"line":70,"type":"binary-expr","locations":[{"start":{"line":70,"column":16},"end":{"line":70,"column":22},"skip":true},{"start":{"line":70,"column":27},"end":{"line":70,"column":32},"skip":true},{"start":{"line":71,"column":20},"end":{"line":71,"column":39},"skip":true},{"start":{"line":72,"column":20},"end":{"line":72,"column":49},"skip":true},{"start":{"line":73,"column":20},"end":{"line":73,"column":58},"skip":true},{"start":{"line":74,"column":20},"end":{"line":74,"column":69},"skip":true}]},"9":{"line":79,"type":"switch","locations":[{"start":{"line":80,"column":20},"end":{"line":80,"column":33},"skip":true},{"start":{"line":81,"column":20},"end":{"line":83,"column":30},"skip":true},{"start":{"line":84,"column":20},"end":{"line":85,"column":49},"skip":true}]},"10":{"line":89,"type":"switch","locations":[{"start":{"line":90,"column":12},"end":{"line":103,"column":22},"skip":true},{"start":{"line":105,"column":12},"end":{"line":106,"column":22},"skip":true}]},"11":{"line":89,"type":"binary-expr","locations":[{"start":{"line":89,"column":20},"end":{"line":89,"column":25},"skip":true},{"start":{"line":89,"column":29},"end":{"line":89,"column":48},"skip":true},{"start":{"line":89,"column":52},"end":{"line":89,"column":74},"skip":true}]},"12":{"line":92,"type":"if","locations":[{"start":{"line":92,"column":16},"end":{"line":92,"column":16},"skip":true},{"start":{"line":92,"column":16},"end":{"line":92,"column":16},"skip":true}]},"13":{"line":108,"type":"if","locations":[{"start":{"line":108,"column":12},"end":{"line":108,"column":12},"skip":true},{"start":{"line":108,"column":12},"end":{"line":108,"column":12},"skip":true}]},"14":{"line":108,"type":"binary-expr","locations":[{"start":{"line":108,"column":16},"end":{"line":108,"column":61},"skip":true},{"start":{"line":108,"column":66},"end":{"line":108,"column":72},"skip":true},{"start":{"line":108,"column":77},"end":{"line":108,"column":82},"skip":true},{"start":{"line":109,"column":20},"end":{"line":109,"column":39},"skip":true},{"start":{"line":110,"column":20},"end":{"line":110,"column":49},"skip":true},{"start":{"line":111,"column":20},"end":{"line":111,"column":58},"skip":true},{"start":{"line":112,"column":20},"end":{"line":112,"column":68},"skip":true}]},"15":{"line":129,"type":"if","locations":[{"start":{"line":129,"column":16},"end":{"line":129,"column":16},"skip":true},{"start":{"line":129,"column":16},"end":{"line":129,"column":16},"skip":true}]},"16":{"line":134,"type":"cond-expr","locations":[{"start":{"line":135,"column":26},"end":{"line":135,"column":29},"skip":true},{"start":{"line":136,"column":26},"end":{"line":136,"column":54},"skip":true}]},"17":{"line":164,"type":"binary-expr","locations":[{"start":{"line":164,"column":27},"end":{"line":164,"column":43},"skip":true},{"start":{"line":164,"column":47},"end":{"line":164,"column":49},"skip":true}]},"18":{"line":258,"type":"if","locations":[{"start":{"line":258,"column":8},"end":{"line":258,"column":8},"skip":true},{"start":{"line":258,"column":8},"end":{"line":258,"column":8},"skip":true}]},"19":{"line":275,"type":"switch","locations":[{"start":{"line":276,"column":20},"end":{"line":277,"column":64},"skip":true},{"start":{"line":278,"column":20},"end":{"line":279,"column":40},"skip":true},{"start":{"line":280,"column":20},"end":{"line":281,"column":40},"skip":true},{"start":{"line":282,"column":20},"end":{"line":283,"column":39},"skip":true}]},"20":{"line":288,"type":"if","locations":[{"start":{"line":288,"column":8},"end":{"line":288,"column":8},"skip":true},{"start":{"line":288,"column":8},"end":{"line":288,"column":8},"skip":true}]},"21":{"line":288,"type":"binary-expr","locations":[{"start":{"line":288,"column":12},"end":{"line":288,"column":40},"skip":true},{"start":{"line":288,"column":44},"end":{"line":288,"column":67},"skip":true}]},"22":{"line":292,"type":"binary-expr","locations":[{"start":{"line":292,"column":12},"end":{"line":292,"column":50},"skip":true},{"start":{"line":293,"column":12},"end":{"line":293,"column":53},"skip":true}]},"23":{"line":297,"type":"binary-expr","locations":[{"start":{"line":297,"column":12},"end":{"line":297,"column":63},"skip":true},{"start":{"line":298,"column":12},"end":{"line":301,"column":36},"skip":true}]},"24":{"line":303,"type":"binary-expr","locations":[{"start":{"line":303,"column":43},"end":{"line":303,"column":75},"skip":true},{"start":{"line":303,"column":79},"end":{"line":303,"column":81},"skip":true}]},"25":{"line":306,"type":"if","locations":[{"start":{"line":306,"column":8},"end":{"line":306,"column":8},"skip":true},{"start":{"line":306,"column":8},"end":{"line":306,"column":8},"skip":true}]},"26":{"line":310,"type":"if","locations":[{"start":{"line":310,"column":8},"end":{"line":310,"column":8},"skip":true},{"start":{"line":310,"column":8},"end":{"line":310,"column":8},"skip":true}]},"27":{"line":313,"type":"binary-expr","locations":[{"start":{"line":313,"column":27},"end":{"line":313,"column":43},"skip":true},{"start":{"line":313,"column":47},"end":{"line":313,"column":53},"skip":true}]},"28":{"line":317,"type":"if","locations":[{"start":{"line":317,"column":12},"end":{"line":317,"column":12},"skip":true},{"start":{"line":317,"column":12},"end":{"line":317,"column":12},"skip":true}]}},"code":["/*","example.js","","quickstart example","","instruction","    1. save this script as example.js","    2. run the shell command:","        $ npm install npmtest-urijs && PORT=8081 node example.js","    3. play with the browser-demo on http://127.0.0.1:8081","*/","","","","/* istanbul instrument in package npmtest_urijs */","/*jslint","    bitwise: true,","    browser: true,","    maxerr: 8,","    maxlen: 96,","    node: true,","    nomen: true,","    regexp: true,","    stupid: true","*/","(function () {","    'use strict';","    var local;","","","","    // run shared js-env code - pre-init","    (function () {","        // init local","        local = {};","        // init modeJs","        local.modeJs = (function () {","            try {","                return typeof navigator.userAgent === 'string' &&","                    typeof document.querySelector('body') === 'object' &&","                    typeof XMLHttpRequest.prototype.open === 'function' &&","                    'browser';","            } catch (errorCaughtBrowser) {","                return module.exports &&","                    typeof process.versions.node === 'string' &&","                    typeof require('http').createServer === 'function' &&","                    'node';","            }","        }());","        // init global","        local.global = local.modeJs === 'browser'","            ? window","            : global;","        // init utility2_rollup","        local = local.global.utility2_rollup || (local.modeJs === 'browser'","            ? local.global.utility2_npmtest_urijs","            : global.utility2_moduleExports);","        // export local","        local.global.local = local;","    }());","    switch (local.modeJs) {","","","","    // post-init","    // run browser js-env code - post-init","    /* istanbul ignore next */","    case 'browser':","        local.testRunBrowser = function (event) {","            if (!event || (event &&","                    event.currentTarget &&","                    event.currentTarget.className &&","                    event.currentTarget.className.includes &&","                    event.currentTarget.className.includes('onreset'))) {","                // reset output","                Array.from(","                    document.querySelectorAll('body > .resettable')","                ).forEach(function (element) {","                    switch (element.tagName) {","                    case 'INPUT':","                    case 'TEXTAREA':","                        element.value = '';","                        break;","                    default:","                        element.textContent = '';","                    }","                });","            }","            switch (event && event.currentTarget && event.currentTarget.id) {","            case 'testRunButton1':","                // show tests","                if (document.querySelector('#testReportDiv1').style.display === 'none') {","                    document.querySelector('#testReportDiv1').style.display = 'block';","                    document.querySelector('#testRunButton1').textContent =","                        'hide internal test';","                    local.modeTest = true;","                    local.testRunDefault(local);","                // hide tests","                } else {","                    document.querySelector('#testReportDiv1').style.display = 'none';","                    document.querySelector('#testRunButton1').textContent = 'run internal test';","                }","                break;","            // custom-case","            default:","                break;","            }","            if (document.querySelector('#inputTextareaEval1') && (!event || (event &&","                    event.currentTarget &&","                    event.currentTarget.className &&","                    event.currentTarget.className.includes &&","                    event.currentTarget.className.includes('oneval')))) {","                // try to eval input-code","                try {","                    /*jslint evil: true*/","                    eval(document.querySelector('#inputTextareaEval1').value);","                } catch (errorCaught) {","                    console.error(errorCaught);","                }","            }","        };","        // log stderr and stdout to #outputTextareaStdout1","        ['error', 'log'].forEach(function (key) {","            console[key + '_original'] = console[key];","            console[key] = function () {","                var element;","                console[key + '_original'].apply(console, arguments);","                element = document.querySelector('#outputTextareaStdout1');","                if (!element) {","                    return;","                }","                // append text to #outputTextareaStdout1","                element.value += Array.from(arguments).map(function (arg) {","                    return typeof arg === 'string'","                        ? arg","                        : JSON.stringify(arg, null, 4);","                }).join(' ') + '\\n';","                // scroll textarea to bottom","                element.scrollTop = element.scrollHeight;","            };","        });","        // init event-handling","        ['change', 'click', 'keyup'].forEach(function (event) {","            Array.from(document.querySelectorAll('.on' + event)).forEach(function (element) {","                element.addEventListener(event, local.testRunBrowser);","            });","        });","        // run tests","        local.testRunBrowser();","        break;","","","","    // run node js-env code - post-init","    /* istanbul ignore next */","    case 'node':","        // export local","        module.exports = local;","        // require modules","        local.fs = require('fs');","        local.http = require('http');","        local.url = require('url');","        // init assets","        local.assetsDict = local.assetsDict || {};","        /* jslint-ignore-begin */","        local.assetsDict['/assets.index.template.html'] = '\\","<!doctype html>\\n\\","<html lang=\"en\">\\n\\","<head>\\n\\","<meta charset=\"UTF-8\">\\n\\","<meta name=\"viewport\" content=\"width=device-width, initial-scale=1\">\\n\\","<title>{{env.npm_package_name}} (v{{env.npm_package_version}})</title>\\n\\","<style>\\n\\","/*csslint\\n\\","    box-sizing: false,\\n\\","    universal-selector: false\\n\\","*/\\n\\","* {\\n\\","    box-sizing: border-box;\\n\\","}\\n\\","body {\\n\\","    background: #dde;\\n\\","    font-family: Arial, Helvetica, sans-serif;\\n\\","    margin: 2rem;\\n\\","}\\n\\","body > * {\\n\\","    margin-bottom: 1rem;\\n\\","}\\n\\",".utility2FooterDiv {\\n\\","    margin-top: 20px;\\n\\","    text-align: center;\\n\\","}\\n\\","</style>\\n\\","<style>\\n\\","/*csslint\\n\\","*/\\n\\","textarea {\\n\\","    font-family: monospace;\\n\\","    height: 10rem;\\n\\","    width: 100%;\\n\\","}\\n\\","textarea[readonly] {\\n\\","    background: #ddd;\\n\\","}\\n\\","</style>\\n\\","</head>\\n\\","<body>\\n\\","<!-- utility2-comment\\n\\","<div id=\"ajaxProgressDiv1\" style=\"background: #d00; height: 2px; left: 0; margin: 0; padding: 0; position: fixed; top: 0; transition: background 0.5s, width 1.5s; width: 25%;\"></div>\\n\\","utility2-comment -->\\n\\","<h1>\\n\\","<!-- utility2-comment\\n\\","    <a\\n\\","        {{#if env.npm_package_homepage}}\\n\\","        href=\"{{env.npm_package_homepage}}\"\\n\\","        {{/if env.npm_package_homepage}}\\n\\","        target=\"_blank\"\\n\\","    >\\n\\","utility2-comment -->\\n\\","        {{env.npm_package_name}} (v{{env.npm_package_version}})\\n\\","<!-- utility2-comment\\n\\","    </a>\\n\\","utility2-comment -->\\n\\","</h1>\\n\\","<h3>{{env.npm_package_description}}</h3>\\n\\","<!-- utility2-comment\\n\\","<h4><a download href=\"assets.app.js\">download standalone app</a></h4>\\n\\","<button class=\"onclick onreset\" id=\"testRunButton1\">run internal test</button><br>\\n\\","<div id=\"testReportDiv1\" style=\"display: none;\"></div>\\n\\","utility2-comment -->\\n\\","\\n\\","\\n\\","\\n\\","<label>stderr and stdout</label>\\n\\","<textarea class=\"resettable\" id=\"outputTextareaStdout1\" readonly></textarea>\\n\\","<!-- utility2-comment\\n\\","{{#if isRollup}}\\n\\","<script src=\"assets.app.js\"></script>\\n\\","{{#unless isRollup}}\\n\\","utility2-comment -->\\n\\","<script src=\"assets.utility2.rollup.js\"></script>\\n\\","<script src=\"jsonp.utility2._stateInit?callback=window.utility2._stateInit\"></script>\\n\\","<script src=\"assets.npmtest_urijs.rollup.js\"></script>\\n\\","<script src=\"assets.example.js\"></script>\\n\\","<script src=\"assets.test.js\"></script>\\n\\","<!-- utility2-comment\\n\\","{{/if isRollup}}\\n\\","utility2-comment -->\\n\\","<div class=\"utility2FooterDiv\">\\n\\","    [ this app was created with\\n\\","    <a href=\"https://github.com/kaizhu256/node-utility2\" target=\"_blank\">utility2</a>\\n\\","    ]\\n\\","</div>\\n\\","</body>\\n\\","</html>\\n\\","';","        /* jslint-ignore-end */","        if (local.templateRender) {","            local.assetsDict['/'] = local.templateRender(","                local.assetsDict['/assets.index.template.html'],","                {","                    env: local.objectSetDefault(local.env, {","                        npm_package_description: 'the greatest app in the world!',","                        npm_package_name: 'my-app',","                        npm_package_nameAlias: 'my_app',","                        npm_package_version: '0.0.1'","                    })","                }","            );","        } else {","            local.assetsDict['/'] = local.assetsDict['/assets.index.template.html']","                .replace((/\\{\\{env\\.(\\w+?)\\}\\}/g), function (match0, match1) {","                    // jslint-hack","                    String(match0);","                    switch (match1) {","                    case 'npm_package_description':","                        return 'the greatest app in the world!';","                    case 'npm_package_name':","                        return 'my-app';","                    case 'npm_package_nameAlias':","                        return 'my_app';","                    case 'npm_package_version':","                        return '0.0.1';","                    }","                });","        }","        // run the cli","        if (local.global.utility2_rollup || module !== require.main) {","            break;","        }","        local.assetsDict['/assets.example.js'] =","            local.assetsDict['/assets.example.js'] ||","            local.fs.readFileSync(__filename, 'utf8');","        // bug-workaround - long $npm_package_buildCustomOrg","        /* jslint-ignore-begin */","        local.assetsDict['/assets.npmtest_urijs.rollup.js'] =","            local.assetsDict['/assets.npmtest_urijs.rollup.js'] ||","            local.fs.readFileSync(","                local.npmtest_urijs.__dirname + '/lib.npmtest_urijs.js',","                'utf8'","            ).replace((/^#!/), '//');","        /* jslint-ignore-end */","        local.assetsDict['/favicon.ico'] = local.assetsDict['/favicon.ico'] || '';","        // if $npm_config_timeout_exit exists,","        // then exit this process after $npm_config_timeout_exit ms","        if (Number(process.env.npm_config_timeout_exit)) {","            setTimeout(process.exit, Number(process.env.npm_config_timeout_exit));","        }","        // start server","        if (local.global.utility2_serverHttp1) {","            break;","        }","        process.env.PORT = process.env.PORT || '8081';","        console.error('server starting on port ' + process.env.PORT);","        local.http.createServer(function (request, response) {","            request.urlParsed = local.url.parse(request.url);","            if (local.assetsDict[request.urlParsed.pathname] !== undefined) {","                response.end(local.assetsDict[request.urlParsed.pathname]);","                return;","            }","            response.statusCode = 404;","            response.end();","        }).listen(process.env.PORT);","        break;","    }","}());",""],"l":{"26":2,"28":2,"33":2,"35":2,"37":2,"38":2,"39":2,"44":1,"51":2,"55":2,"59":2,"61":2,"69":1,"70":2,"76":2,"79":2,"82":2,"83":2,"85":1,"89":2,"92":1,"93":1,"94":1,"96":1,"97":1,"100":1,"101":1,"103":1,"106":1,"108":2,"114":1,"116":1,"118":1,"123":1,"124":2,"125":2,"126":3,"127":3,"128":3,"129":3,"130":1,"133":3,"134":3,"139":3,"143":1,"144":3,"145":1,"149":1,"150":1,"158":1,"160":1,"161":1,"162":1,"164":1,"166":1,"258":1,"259":1,"271":1,"274":6,"275":6,"277":1,"279":2,"281":1,"283":2,"288":1,"289":1,"291":1,"296":1,"303":1,"306":1,"307":1,"310":1,"311":1,"313":1,"314":1,"315":1,"316":1,"317":1,"318":1,"319":1,"321":1,"322":1,"324":1}},"/home/travis/build/npmtest/node-npmtest-urijs/node_modules/urijs/src/URI.js":{"path":"/home/travis/build/npmtest/node-npmtest-urijs/node_modules/urijs/src/URI.js","s":{"1":1,"2":1,"3":1,"4":0,"5":0,"6":0,"7":1,"8":1,"9":0,"10":0,"11":0,"12":0,"13":0,"14":0,"15":0,"16":0,"17":0,"18":0,"19":0,"20":0,"21":0,"22":0,"23":0,"24":0,"25":0,"26":0,"27":0,"28":0,"29":0,"30":1,"31":1,"32":1,"33":1,"34":0,"35":1,"36":0,"37":0,"38":0,"39":1,"40":0,"41":1,"42":0,"43":0,"44":0,"45":0,"46":0,"47":0,"48":0,"49":0,"50":0,"51":0,"52":0,"53":0,"54":0,"55":0,"56":0,"57":1,"58":0,"59":0,"60":0,"61":0,"62":0,"63":0,"64":0,"65":0,"66":0,"67":0,"68":0,"69":0,"70":0,"71":0,"72":1,"73":0,"74":0,"75":0,"76":0,"77":0,"78":0,"79":0,"80":0,"81":0,"82":0,"83":1,"84":0,"85":0,"86":1,"87":0,"88":1,"89":1,"90":1,"91":1,"92":1,"93":1,"94":1,"95":1,"96":1,"97":1,"98":1,"99":1,"100":1,"101":0,"102":0,"103":0,"104":0,"105":0,"106":0,"107":1,"108":0,"109":1,"110":0,"111":1,"112":1,"113":1,"114":0,"115":0,"116":1,"117":0,"118":0,"119":1,"120":1,"121":0,"122":0,"123":0,"124":0,"125":1,"126":0,"127":0,"128":0,"129":0,"130":0,"131":0,"132":1,"133":1,"134":1,"135":5,"136":0,"137":0,"138":0,"139":0,"140":1,"141":2,"142":2,"143":1,"144":4,"145":0,"146":0,"147":0,"148":0,"149":0,"150":0,"151":0,"152":0,"153":0,"154":1,"155":1,"156":1,"157":1,"158":1,"159":1,"160":0,"161":0,"162":0,"163":0,"164":0,"165":0,"166":0,"167":0,"168":0,"169":0,"170":0,"171":0,"172":0,"173":0,"174":0,"175":0,"176":0,"177":0,"178":0,"179":0,"180":0,"181":0,"182":0,"183":0,"184":0,"185":0,"186":0,"187":1,"188":0,"189":0,"190":0,"191":0,"192":0,"193":0,"194":0,"195":0,"196":0,"197":0,"198":0,"199":0,"200":0,"201":0,"202":0,"203":0,"204":0,"205":0,"206":0,"207":0,"208":0,"209":0,"210":0,"211":0,"212":0,"213":1,"214":0,"215":0,"216":1,"217":0,"218":0,"219":0,"220":0,"221":0,"222":0,"223":0,"224":0,"225":0,"226":0,"227":0,"228":0,"229":1,"230":0,"231":0,"232":0,"233":0,"234":0,"235":0,"236":0,"237":0,"238":0,"239":0,"240":0,"241":0,"242":0,"243":0,"244":0,"245":0,"246":0,"247":0,"248":0,"249":1,"250":0,"251":0,"252":0,"253":0,"254":0,"255":0,"256":0,"257":0,"258":0,"259":0,"260":0,"261":0,"262":0,"263":0,"264":0,"265":1,"266":0,"267":0,"268":0,"269":0,"270":0,"271":0,"272":0,"273":0,"274":0,"275":1,"276":0,"277":1,"278":0,"279":0,"280":0,"281":0,"282":0,"283":0,"284":0,"285":0,"286":1,"287":0,"288":0,"289":0,"290":0,"291":0,"292":0,"293":0,"294":0,"295":0,"296":0,"297":0,"298":0,"299":0,"300":0,"301":1,"302":0,"303":1,"304":0,"305":0,"306":0,"307":0,"308":0,"309":0,"310":0,"311":0,"312":0,"313":0,"314":0,"315":0,"316":0,"317":0,"318":1,"319":0,"320":0,"321":0,"322":0,"323":0,"324":0,"325":0,"326":0,"327":0,"328":0,"329":0,"330":0,"331":0,"332":0,"333":0,"334":0,"335":0,"336":0,"337":0,"338":0,"339":0,"340":0,"341":0,"342":0,"343":1,"344":0,"345":0,"346":0,"347":0,"348":0,"349":0,"350":0,"351":0,"352":0,"353":0,"354":0,"355":0,"356":0,"357":0,"358":0,"359":0,"360":0,"361":0,"362":0,"363":0,"364":0,"365":0,"366":0,"367":0,"368":0,"369":0,"370":0,"371":0,"372":0,"373":0,"374":0,"375":0,"376":0,"377":0,"378":1,"379":0,"380":0,"381":0,"382":0,"383":0,"384":0,"385":0,"386":0,"387":0,"388":0,"389":0,"390":0,"391":0,"392":0,"393":0,"394":0,"395":0,"396":0,"397":1,"398":0,"399":0,"400":0,"401":0,"402":0,"403":0,"404":0,"405":0,"406":0,"407":0,"408":0,"409":1,"410":0,"411":0,"412":0,"413":0,"414":0,"415":0,"416":0,"417":0,"418":0,"419":0,"420":0,"421":0,"422":0,"423":0,"424":0,"425":0,"426":0,"427":0,"428":0,"429":0,"430":0,"431":0,"432":0,"433":0,"434":0,"435":0,"436":0,"437":0,"438":0,"439":0,"440":0,"441":0,"442":0,"443":0,"444":0,"445":0,"446":0,"447":0,"448":0,"449":0,"450":0,"451":0,"452":1,"453":0,"454":0,"455":0,"456":0,"457":0,"458":1,"459":0,"460":0,"461":0,"462":0,"463":0,"464":0,"465":0,"466":0,"467":0,"468":0,"469":0,"470":0,"471":1,"472":0,"473":0,"474":0,"475":0,"476":0,"477":0,"478":1,"479":0,"480":1,"481":0,"482":1,"483":5,"484":0,"485":0,"486":0,"487":0,"488":0,"489":1,"490":2,"491":0,"492":0,"493":0,"494":0,"495":0,"496":0,"497":0,"498":0,"499":0,"500":1,"501":1,"502":1,"503":1,"504":1,"505":1,"506":1,"507":1,"508":0,"509":0,"510":1,"511":0,"512":0,"513":1,"514":0,"515":0,"516":0,"517":0,"518":0,"519":0,"520":0,"521":0,"522":1,"523":1,"524":0,"525":0,"526":0,"527":0,"528":0,"529":0,"530":0,"531":0,"532":0,"533":0,"534":0,"535":0,"536":0,"537":0,"538":0,"539":0,"540":0,"541":0,"542":0,"543":0,"544":0,"545":0,"546":0,"547":1,"548":0,"549":0,"550":0,"551":0,"552":0,"553":0,"554":0,"555":0,"556":0,"557":0,"558":0,"559":0,"560":0,"561":0,"562":0,"563":0,"564":0,"565":0,"566":0,"567":0,"568":0,"569":0,"570":0,"571":0,"572":0,"573":0,"574":0,"575":0,"576":0,"577":0,"578":1,"579":1,"580":1,"581":1,"582":0,"583":0,"584":0,"585":0,"586":0,"587":0,"588":1,"589":1,"590":0,"591":0,"592":0,"593":0,"594":0,"595":0,"596":0,"597":0,"598":0,"599":0,"600":0,"601":0,"602":1,"603":0,"604":0,"605":0,"606":0,"607":0,"608":0,"609":0,"610":0,"611":0,"612":1,"613":0,"614":0,"615":0,"616":0,"617":0,"618":0,"619":0,"620":0,"621":0,"622":0,"623":0,"624":1,"625":0,"626":0,"627":0,"628":0,"629":0,"630":0,"631":0,"632":0,"633":0,"634":1,"635":0,"636":0,"637":0,"638":0,"639":0,"640":0,"641":0,"642":0,"643":0,"644":1,"645":0,"646":0,"647":0,"648":0,"649":0,"650":0,"651":0,"652":0,"653":0,"654":0,"655":1,"656":0,"657":0,"658":0,"659":0,"660":0,"661":0,"662":0,"663":0,"664":0,"665":1,"666":0,"667":0,"668":0,"669":0,"670":0,"671":0,"672":0,"673":0,"674":0,"675":0,"676":0,"677":0,"678":0,"679":0,"680":0,"681":0,"682":0,"683":1,"684":0,"685":0,"686":0,"687":0,"688":0,"689":0,"690":0,"691":0,"692":0,"693":0,"694":0,"695":0,"696":0,"697":0,"698":0,"699":0,"700":0,"701":0,"702":0,"703":0,"704":0,"705":0,"706":0,"707":1,"708":0,"709":0,"710":0,"711":0,"712":0,"713":0,"714":0,"715":0,"716":0,"717":0,"718":0,"719":0,"720":0,"721":0,"722":0,"723":0,"724":0,"725":0,"726":0,"727":0,"728":0,"729":0,"730":0,"731":0,"732":0,"733":0,"734":0,"735":1,"736":0,"737":0,"738":0,"739":0,"740":0,"741":0,"742":0,"743":0,"744":0,"745":0,"746":0,"747":0,"748":0,"749":0,"750":0,"751":0,"752":0,"753":0,"754":0,"755":0,"756":0,"757":0,"758":0,"759":0,"760":1,"761":0,"762":0,"763":0,"764":0,"765":0,"766":0,"767":0,"768":0,"769":0,"770":0,"771":0,"772":0,"773":0,"774":0,"775":0,"776":0,"777":0,"778":0,"779":0,"780":0,"781":1,"782":0,"783":0,"784":0,"785":0,"786":0,"787":0,"788":0,"789":0,"790":0,"791":0,"792":0,"793":0,"794":0,"795":0,"796":0,"797":0,"798":0,"799":0,"800":0,"801":0,"802":0,"803":0,"804":0,"805":0,"806":0,"807":0,"808":0,"809":0,"810":0,"811":1,"812":0,"813":0,"814":0,"815":0,"816":0,"817":0,"818":0,"819":0,"820":0,"821":0,"822":0,"823":0,"824":0,"825":0,"826":0,"827":0,"828":0,"829":0,"830":0,"831":0,"832":0,"833":0,"834":0,"835":0,"836":0,"837":0,"838":0,"839":0,"840":0,"841":0,"842":0,"843":0,"844":0,"845":0,"846":0,"847":0,"848":1,"849":0,"850":0,"851":0,"852":0,"853":0,"854":0,"855":0,"856":0,"857":0,"858":0,"859":0,"860":0,"861":0,"862":0,"863":0,"864":0,"865":0,"866":1,"867":1,"868":0,"869":0,"870":0,"871":0,"872":0,"873":0,"874":0,"875":0,"876":0,"877":0,"878":0,"879":0,"880":0,"881":1,"882":0,"883":0,"884":0,"885":0,"886":0,"887":0,"888":0,"889":0,"890":0,"891":0,"892":0,"893":0,"894":0,"895":1,"896":0,"897":0,"898":0,"899":0,"900":0,"901":0,"902":0,"903":1,"904":0,"905":0,"906":0,"907":0,"908":0,"909":0,"910":0,"911":1,"912":0,"913":0,"914":1,"915":1,"916":1,"917":1,"918":1,"919":0,"920":0,"921":0,"922":1,"923":0,"924":0,"925":0,"926":0,"927":1,"928":0,"929":0,"930":0,"931":0,"932":0,"933":0,"934":0,"935":0,"936":1,"937":0,"938":0,"939":0,"940":0,"941":1,"942":0,"943":0,"944":0,"945":0,"946":0,"947":0,"948":0,"949":0,"950":0,"951":0,"952":0,"953":0,"954":0,"955":0,"956":0,"957":0,"958":0,"959":0,"960":0,"961":0,"962":0,"963":0,"964":0,"965":0,"966":0,"967":0,"968":0,"969":0,"970":0,"971":0,"972":0,"973":0,"974":0,"975":0,"976":0,"977":0,"978":0,"979":0,"980":0,"981":1,"982":1,"983":0,"984":0,"985":0,"986":0,"987":0,"988":0,"989":1,"990":0,"991":0,"992":0,"993":0,"994":1,"995":1,"996":1,"997":0,"998":0,"999":0,"1000":0,"1001":0,"1002":0,"1003":0,"1004":0,"1005":0,"1006":1,"1007":0,"1008":0,"1009":0,"1010":0,"1011":0,"1012":0,"1013":0,"1014":0,"1015":0,"1016":1,"1017":0,"1018":0,"1019":0,"1020":0,"1021":0,"1022":0,"1023":0,"1024":0,"1025":0,"1026":0,"1027":0,"1028":0,"1029":0,"1030":0,"1031":0,"1032":0,"1033":0,"1034":0,"1035":0,"1036":0,"1037":0,"1038":0,"1039":0,"1040":0,"1041":1,"1042":0,"1043":0,"1044":0,"1045":0,"1046":0,"1047":0,"1048":0,"1049":0,"1050":0,"1051":0,"1052":0,"1053":0,"1054":0,"1055":0,"1056":0,"1057":0,"1058":0,"1059":0,"1060":0,"1061":0,"1062":0,"1063":0,"1064":0,"1065":0,"1066":0,"1067":0,"1068":0,"1069":1,"1070":0,"1071":0,"1072":0,"1073":0,"1074":0,"1075":0,"1076":0,"1077":0,"1078":0,"1079":0,"1080":0,"1081":0,"1082":0,"1083":0,"1084":0,"1085":0,"1086":0,"1087":0,"1088":0,"1089":0,"1090":0,"1091":0,"1092":0,"1093":0,"1094":0,"1095":0,"1096":0,"1097":0,"1098":0,"1099":0,"1100":0,"1101":0,"1102":1,"1103":0,"1104":0,"1105":0,"1106":0,"1107":0,"1108":0,"1109":0,"1110":0,"1111":0,"1112":0,"1113":0,"1114":0,"1115":0,"1116":0,"1117":0,"1118":0,"1119":0,"1120":0,"1121":0,"1122":0,"1123":0,"1124":0,"1125":0,"1126":0,"1127":0,"1128":0,"1129":0,"1130":0,"1131":0,"1132":0,"1133":0,"1134":0,"1135":0,"1136":1,"1137":0,"1138":0,"1139":1,"1140":0,"1141":0,"1142":1},"b":{"1":[1,0],"2":[1,1],"3":[0,0],"4":[0,0],"5":[1,0],"6":[0,0],"7":[0,0],"8":[0,0],"9":[0,0],"10":[0,0],"11":[0,0],"12":[0,0],"13":[0,0],"14":[0,0],"15":[0,0],"16":[0,0],"17":[0,0],"18":[0,0,0,0],"19":[0,0],"20":[0,0],"21":[0,0],"22":[0,0],"23":[0,0],"24":[0,0],"25":[0,0],"26":[0,0],"27":[0,0],"28":[0,0],"29":[0,0],"30":[0,0],"31":[0,0],"32":[0,0],"33":[0,0],"34":[0,0],"35":[0,0],"36":[0,0],"37":[0,0],"38":[0,0],"39":[0,0],"40":[0,0],"41":[0,0],"42":[0,0],"43":[0,0],"44":[0,0],"45":[0,0],"46":[0,0],"47":[0,0],"48":[0,0],"49":[0,0],"50":[0,0],"51":[0,0],"52":[0,0],"53":[0,0],"54":[0,0],"55":[0,0],"56":[0,0,0],"57":[0,0],"58":[0,0],"59":[0,0],"60":[0,0],"61":[0,0],"62":[0,0],"63":[0,0],"64":[0,0],"65":[0,0,0],"66":[0,0],"67":[0,0],"68":[0,0],"69":[0,0],"70":[0,0],"71":[0,0],"72":[0,0],"73":[0,0],"74":[0,0],"75":[0,0],"76":[0,0,0],"77":[0,0],"78":[0,0],"79":[0,0],"80":[0,0],"81":[0,0],"82":[0,0],"83":[0,0],"84":[0,0],"85":[0,0],"86":[0,0],"87":[0,0],"88":[0,0],"89":[0,0],"90":[0,0],"91":[0,0],"92":[0,0],"93":[0,0],"94":[0,0],"95":[0,0],"96":[0,0],"97":[0,0],"98":[0,0],"99":[0,0],"100":[0,0],"101":[0,0],"102":[0,0],"103":[0,0],"104":[0,0],"105":[0,0],"106":[0,0],"107":[0,0],"108":[0,0],"109":[0,0],"110":[0,0],"111":[0,0],"112":[0,0],"113":[0,0],"114":[0,0],"115":[0,0],"116":[0,0],"117":[0,0,0],"118":[0,0],"119":[0,0,0,0],"120":[0,0],"121":[0,0],"122":[0,0,0],"123":[0,0],"124":[0,0],"125":[0,0,0,0,0,0,0,0],"126":[0,0],"127":[0,0],"128":[0,0],"129":[0,0],"130":[0,0],"131":[0,0],"132":[0,0],"133":[0,0],"134":[0,0],"135":[0,0],"136":[0,0],"137":[0,0],"138":[0,0],"139":[0,0],"140":[0,0],"141":[0,0],"142":[0,0],"143":[0,0],"144":[0,0],"145":[0,0],"146":[0,0],"147":[0,0],"148":[0,0],"149":[0,0],"150":[0,0],"151":[0,0],"152":[0,0],"153":[0,0],"154":[0,0],"155":[0,0],"156":[0,0],"157":[0,0],"158":[0,0],"159":[0,0],"160":[0,0],"161":[0,0],"162":[0,0],"163":[0,0],"164":[0,0],"165":[0,0],"166":[0,0],"167":[0,0],"168":[0,0],"169":[0,0],"170":[0,0],"171":[0,0],"172":[0,0],"173":[0,0],"174":[0,0],"175":[0,0],"176":[0,0],"177":[0,0],"178":[0,0],"179":[0,0],"180":[0,0],"181":[0,0],"182":[0,0],"183":[0,0],"184":[0,0],"185":[0,0],"186":[0,0],"187":[0,0],"188":[0,0],"189":[0,0],"190":[0,0],"191":[0,0],"192":[0,0],"193":[0,0],"194":[0,0],"195":[0,0],"196":[0,0,0,0],"197":[0,0],"198":[0,0],"199":[0,0],"200":[0,0,0],"201":[0,0],"202":[0,0],"203":[0,0],"204":[0,0],"205":[0,0],"206":[0,0],"207":[0,0],"208":[0,0],"209":[0,0,0],"210":[0,0],"211":[0,0],"212":[0,0,0,0,0,0,0,0,0,0,0,0,0,0,0,0],"213":[0,0],"214":[0,0],"215":[0,0],"216":[0,0],"217":[0,0],"218":[0,0],"219":[0,0],"220":[0,0],"221":[0,0],"222":[0,0],"223":[0,0],"224":[0,0],"225":[0,0],"226":[0,0],"227":[0,0],"228":[0,0],"229":[0,0],"230":[0,0],"231":[0,0],"232":[0,0],"233":[0,0],"234":[0,0],"235":[0,0],"236":[0,0],"237":[0,0],"238":[0,0],"239":[0,0],"240":[0,0],"241":[0,0],"242":[0,0],"243":[0,0],"244":[0,0],"245":[0,0],"246":[0,0],"247":[0,0],"248":[0,0],"249":[0,0],"250":[0,0],"251":[0,0],"252":[0,0],"253":[0,0],"254":[0,0],"255":[0,0],"256":[0,0],"257":[0,0],"258":[0,0],"259":[0,0],"260":[0,0],"261":[0,0],"262":[0,0],"263":[0,0],"264":[0,0],"265":[0,0],"266":[0,0],"267":[0,0],"268":[0,0],"269":[0,0],"270":[0,0],"271":[0,0],"272":[0,0],"273":[0,0],"274":[0,0],"275":[0,0],"276":[0,0,0],"277":[0,0],"278":[0,0],"279":[0,0],"280":[0,0],"281":[0,0],"282":[0,0],"283":[0,0],"284":[0,0],"285":[0,0],"286":[0,0],"287":[0,0],"288":[0,0],"289":[0,0],"290":[0,0],"291":[0,0],"292":[0,0],"293":[0,0],"294":[0,0],"295":[0,0],"296":[0,0],"297":[0,0],"298":[0,0],"299":[0,0],"300":[0,0],"301":[0,0],"302":[0,0],"303":[0,0],"304":[0,0],"305":[0,0],"306":[0,0],"307":[0,0],"308":[0,0],"309":[0,0],"310":[0,0],"311":[0,0],"312":[0,0],"313":[0,0],"314":[0,0],"315":[0,0],"316":[0,0],"317":[0,0],"318":[0,0],"319":[0,0],"320":[0,0],"321":[0,0],"322":[0,0],"323":[0,0],"324":[0,0],"325":[0,0],"326":[0,0],"327":[0,0],"328":[0,0],"329":[0,0],"330":[0,0],"331":[0,0],"332":[0,0],"333":[0,0],"334":[0,0],"335":[0,0,0],"336":[0,0],"337":[0,0],"338":[0,0],"339":[0,0],"340":[0,0],"341":[0,0],"342":[0,0],"343":[0,0],"344":[0,0],"345":[0,0],"346":[0,0],"347":[0,0],"348":[0,0],"349":[0,0],"350":[0,0],"351":[0,0],"352":[0,0],"353":[0,0],"354":[0,0],"355":[0,0],"356":[0,0],"357":[0,0],"358":[0,0],"359":[0,0],"360":[0,0],"361":[0,0],"362":[0,0],"363":[0,0],"364":[0,0],"365":[0,0],"366":[0,0],"367":[0,0],"368":[0,0],"369":[0,0],"370":[0,0],"371":[0,0],"372":[0,0],"373":[0,0],"374":[0,0],"375":[0,0],"376":[0,0],"377":[0,0],"378":[0,0],"379":[0,0],"380":[0,0],"381":[0,0],"382":[0,0],"383":[0,0],"384":[0,0],"385":[0,0],"386":[0,0],"387":[0,0],"388":[0,0],"389":[0,0],"390":[0,0],"391":[0,0],"392":[0,0],"393":[0,0],"394":[0,0],"395":[0,0],"396":[0,0,0],"397":[0,0],"398":[0,0],"399":[0,0],"400":[0,0],"401":[0,0],"402":[0,0],"403":[0,0],"404":[0,0],"405":[0,0],"406":[0,0],"407":[0,0],"408":[0,0],"409":[0,0],"410":[0,0],"411":[0,0],"412":[0,0],"413":[0,0],"414":[0,0],"415":[0,0],"416":[0,0],"417":[0,0],"418":[0,0,0],"419":[0,0],"420":[0,0],"421":[0,0],"422":[0,0],"423":[0,0],"424":[0,0],"425":[0,0],"426":[0,0],"427":[0,0],"428":[0,0],"429":[0,0],"430":[0,0],"431":[0,0],"432":[0,0]},"f":{"1":1,"2":1,"3":0,"4":0,"5":0,"6":0,"7":0,"8":0,"9":0,"10":0,"11":0,"12":0,"13":0,"14":0,"15":0,"16":0,"17":0,"18":0,"19":5,"20":0,"21":0,"22":4,"23":0,"24":0,"25":0,"26":0,"27":0,"28":0,"29":0,"30":0,"31":0,"32":0,"33":0,"34":0,"35":0,"36":0,"37":0,"38":0,"39":0,"40":0,"41":0,"42":0,"43":0,"44":0,"45":0,"46":0,"47":5,"48":0,"49":2,"50":0,"51":0,"52":0,"53":0,"54":0,"55":0,"56":0,"57":0,"58":0,"59":0,"60":0,"61":0,"62":0,"63":0,"64":0,"65":0,"66":0,"67":0,"68":0,"69":0,"70":0,"71":0,"72":0,"73":0,"74":0,"75":0,"76":0,"77":0,"78":0,"79":0,"80":0,"81":0,"82":0,"83":0,"84":0,"85":0,"86":0,"87":0,"88":0,"89":0,"90":0,"91":0},"fnMap":{"1":{"name":"(anonymous_1)","line":13,"loc":{"start":{"line":13,"column":1},"end":{"line":13,"column":26}}},"2":{"name":"(anonymous_2)","line":26,"loc":{"start":{"line":26,"column":8},"end":{"line":26,"column":45}}},"3":{"name":"URI","line":35,"loc":{"start":{"line":35,"column":2},"end":{"line":35,"column":26}}},"4":{"name":"escapeRegEx","line":85,"loc":{"start":{"line":85,"column":2},"end":{"line":85,"column":31}}},"5":{"name":"getType","line":90,"loc":{"start":{"line":90,"column":2},"end":{"line":90,"column":26}}},"6":{"name":"isArray","line":99,"loc":{"start":{"line":99,"column":2},"end":{"line":99,"column":24}}},"7":{"name":"filterArrayValues","line":103,"loc":{"start":{"line":103,"column":2},"end":{"line":103,"column":42}}},"8":{"name":"arrayContains","line":132,"loc":{"start":{"line":132,"column":2},"end":{"line":132,"column":38}}},"9":{"name":"arraysEqual","line":161,"loc":{"start":{"line":161,"column":2},"end":{"line":161,"column":33}}},"10":{"name":"trimSlashes","line":183,"loc":{"start":{"line":183,"column":2},"end":{"line":183,"column":29}}},"11":{"name":"(anonymous_11)","line":188,"loc":{"start":{"line":188,"column":15},"end":{"line":188,"column":26}}},"12":{"name":"(anonymous_12)","line":265,"loc":{"start":{"line":265,"column":24},"end":{"line":265,"column":39}}},"13":{"name":"escapeForDumbFirefox36","line":279,"loc":{"start":{"line":279,"column":2},"end":{"line":279,"column":41}}},"14":{"name":"strictEncodeURIComponent","line":285,"loc":{"start":{"line":285,"column":2},"end":{"line":285,"column":44}}},"15":{"name":"(anonymous_15)","line":293,"loc":{"start":{"line":293,"column":16},"end":{"line":293,"column":27}}},"16":{"name":"(anonymous_16)","line":297,"loc":{"start":{"line":297,"column":16},"end":{"line":297,"column":27}}},"17":{"name":"(anonymous_17)","line":394,"loc":{"start":{"line":394,"column":20},"end":{"line":394,"column":55}}},"18":{"name":"(anonymous_18)","line":402,"loc":{"start":{"line":402,"column":20},"end":{"line":402,"column":55}}},"19":{"name":"(anonymous_19)","line":421,"loc":{"start":{"line":421,"column":25},"end":{"line":421,"column":49}}},"20":{"name":"(anonymous_20)","line":422,"loc":{"start":{"line":422,"column":11},"end":{"line":422,"column":28}}},"21":{"name":"(anonymous_21)","line":424,"loc":{"start":{"line":424,"column":89},"end":{"line":424,"column":101}}},"22":{"name":"(anonymous_22)","line":442,"loc":{"start":{"line":442,"column":38},"end":{"line":442,"column":92}}},"23":{"name":"(anonymous_23)","line":443,"loc":{"start":{"line":443,"column":11},"end":{"line":443,"column":28}}},"24":{"name":"(anonymous_24)","line":452,"loc":{"start":{"line":452,"column":27},"end":{"line":452,"column":44}}},"25":{"name":"(anonymous_25)","line":475,"loc":{"start":{"line":475,"column":14},"end":{"line":475,"column":38}}},"26":{"name":"(anonymous_26)","line":530,"loc":{"start":{"line":530,"column":18},"end":{"line":530,"column":42}}},"27":{"name":"(anonymous_27)","line":580,"loc":{"start":{"line":580,"column":23},"end":{"line":580,"column":47}}},"28":{"name":"(anonymous_28)","line":584,"loc":{"start":{"line":584,"column":22},"end":{"line":584,"column":46}}},"29":{"name":"(anonymous_29)","line":604,"loc":{"start":{"line":604,"column":19},"end":{"line":604,"column":54}}},"30":{"name":"(anonymous_30)","line":641,"loc":{"start":{"line":641,"column":14},"end":{"line":641,"column":30}}},"31":{"name":"(anonymous_31)","line":671,"loc":{"start":{"line":671,"column":18},"end":{"line":671,"column":34}}},"32":{"name":"(anonymous_32)","line":688,"loc":{"start":{"line":688,"column":23},"end":{"line":688,"column":39}}},"33":{"name":"(anonymous_33)","line":691,"loc":{"start":{"line":691,"column":22},"end":{"line":691,"column":38}}},"34":{"name":"(anonymous_34)","line":708,"loc":{"start":{"line":708,"column":19},"end":{"line":708,"column":78}}},"35":{"name":"(anonymous_35)","line":737,"loc":{"start":{"line":737,"column":28},"end":{"line":737,"column":68}}},"36":{"name":"(anonymous_36)","line":743,"loc":{"start":{"line":743,"column":17},"end":{"line":743,"column":45}}},"37":{"name":"(anonymous_37)","line":767,"loc":{"start":{"line":767,"column":20},"end":{"line":767,"column":48}}},"38":{"name":"(anonymous_38)","line":806,"loc":{"start":{"line":806,"column":17},"end":{"line":806,"column":58}}},"39":{"name":"(anonymous_39)","line":891,"loc":{"start":{"line":891,"column":18},"end":{"line":891,"column":29}}},"40":{"name":"(anonymous_40)","line":924,"loc":{"start":{"line":924,"column":19},"end":{"line":924,"column":38}}},"41":{"name":"(anonymous_41)","line":948,"loc":{"start":{"line":948,"column":21},"end":{"line":948,"column":57}}},"42":{"name":"(anonymous_42)","line":1018,"loc":{"start":{"line":1018,"column":28},"end":{"line":1018,"column":40}}},"43":{"name":"(anonymous_43)","line":1035,"loc":{"start":{"line":1035,"column":19},"end":{"line":1035,"column":39}}},"44":{"name":"(anonymous_44)","line":1061,"loc":{"start":{"line":1061,"column":12},"end":{"line":1061,"column":33}}},"45":{"name":"(anonymous_45)","line":1072,"loc":{"start":{"line":1072,"column":12},"end":{"line":1072,"column":23}}},"46":{"name":"(anonymous_46)","line":1076,"loc":{"start":{"line":1076,"column":27},"end":{"line":1076,"column":38}}},"47":{"name":"generateSimpleAccessor","line":1081,"loc":{"start":{"line":1081,"column":2},"end":{"line":1081,"column":40}}},"48":{"name":"(anonymous_48)","line":1082,"loc":{"start":{"line":1082,"column":11},"end":{"line":1082,"column":30}}},"49":{"name":"generatePrefixAccessor","line":1093,"loc":{"start":{"line":1093,"column":2},"end":{"line":1093,"column":46}}},"50":{"name":"(anonymous_50)","line":1094,"loc":{"start":{"line":1094,"column":11},"end":{"line":1094,"column":30}}},"51":{"name":"(anonymous_51)","line":1120,"loc":{"start":{"line":1120,"column":13},"end":{"line":1120,"column":32}}},"52":{"name":"(anonymous_52)","line":1124,"loc":{"start":{"line":1124,"column":11},"end":{"line":1124,"column":30}}},"53":{"name":"(anonymous_53)","line":1129,"loc":{"start":{"line":1129,"column":15},"end":{"line":1129,"column":34}}},"54":{"name":"(anonymous_54)","line":1144,"loc":{"start":{"line":1144,"column":11},"end":{"line":1144,"column":33}}},"55":{"name":"(anonymous_55)","line":1191,"loc":{"start":{"line":1191,"column":9},"end":{"line":1191,"column":24}}},"56":{"name":"(anonymous_56)","line":1261,"loc":{"start":{"line":1261,"column":15},"end":{"line":1261,"column":34}}},"57":{"name":"(anonymous_57)","line":1275,"loc":{"start":{"line":1275,"column":11},"end":{"line":1275,"column":30}}},"58":{"name":"(anonymous_58)","line":1298,"loc":{"start":{"line":1298,"column":15},"end":{"line":1298,"column":34}}},"59":{"name":"(anonymous_59)","line":1316,"loc":{"start":{"line":1316,"column":13},"end":{"line":1316,"column":32}}},"60":{"name":"(anonymous_60)","line":1338,"loc":{"start":{"line":1338,"column":11},"end":{"line":1338,"column":30}}},"61":{"name":"(anonymous_61)","line":1355,"loc":{"start":{"line":1355,"column":16},"end":{"line":1355,"column":35}}},"62":{"name":"(anonymous_62)","line":1372,"loc":{"start":{"line":1372,"column":15},"end":{"line":1372,"column":34}}},"63":{"name":"(anonymous_63)","line":1390,"loc":{"start":{"line":1390,"column":15},"end":{"line":1390,"column":34}}},"64":{"name":"(anonymous_64)","line":1406,"loc":{"start":{"line":1406,"column":16},"end":{"line":1406,"column":35}}},"65":{"name":"(anonymous_65)","line":1438,"loc":{"start":{"line":1438,"column":13},"end":{"line":1438,"column":32}}},"66":{"name":"(anonymous_66)","line":1482,"loc":{"start":{"line":1482,"column":10},"end":{"line":1482,"column":29}}},"67":{"name":"(anonymous_67)","line":1529,"loc":{"start":{"line":1529,"column":16},"end":{"line":1529,"column":35}}},"68":{"name":"(anonymous_68)","line":1575,"loc":{"start":{"line":1575,"column":15},"end":{"line":1575,"column":34}}},"69":{"name":"(anonymous_69)","line":1613,"loc":{"start":{"line":1613,"column":13},"end":{"line":1613,"column":32}}},"70":{"name":"(anonymous_70)","line":1664,"loc":{"start":{"line":1664,"column":14},"end":{"line":1664,"column":42}}},"71":{"name":"(anonymous_71)","line":1734,"loc":{"start":{"line":1734,"column":19},"end":{"line":1734,"column":47}}},"72":{"name":"(anonymous_72)","line":1769,"loc":{"start":{"line":1769,"column":12},"end":{"line":1769,"column":31}}},"73":{"name":"(anonymous_73)","line":1786,"loc":{"start":{"line":1786,"column":15},"end":{"line":1786,"column":44}}},"74":{"name":"(anonymous_74)","line":1809,"loc":{"start":{"line":1809,"column":15},"end":{"line":1809,"column":44}}},"75":{"name":"(anonymous_75)","line":1820,"loc":{"start":{"line":1820,"column":18},"end":{"line":1820,"column":47}}},"76":{"name":"(anonymous_76)","line":1831,"loc":{"start":{"line":1831,"column":15},"end":{"line":1831,"column":50}}},"77":{"name":"(anonymous_77)","line":1841,"loc":{"start":{"line":1841,"column":16},"end":{"line":1841,"column":27}}},"78":{"name":"(anonymous_78)","line":1860,"loc":{"start":{"line":1860,"column":24},"end":{"line":1860,"column":40}}},"79":{"name":"(anonymous_79)","line":1868,"loc":{"start":{"line":1868,"column":24},"end":{"line":1868,"column":40}}},"80":{"name":"(anonymous_80)","line":1882,"loc":{"start":{"line":1882,"column":20},"end":{"line":1882,"column":36}}},"81":{"name":"(anonymous_81)","line":1891,"loc":{"start":{"line":1891,"column":20},"end":{"line":1891,"column":36}}},"82":{"name":"(anonymous_82)","line":1966,"loc":{"start":{"line":1966,"column":21},"end":{"line":1966,"column":37}}},"83":{"name":"(anonymous_83)","line":1979,"loc":{"start":{"line":1979,"column":24},"end":{"line":1979,"column":40}}},"84":{"name":"(anonymous_84)","line":1990,"loc":{"start":{"line":1990,"column":14},"end":{"line":1990,"column":25}}},"85":{"name":"(anonymous_85)","line":2006,"loc":{"start":{"line":2006,"column":14},"end":{"line":2006,"column":25}}},"86":{"name":"(anonymous_86)","line":2022,"loc":{"start":{"line":2022,"column":15},"end":{"line":2022,"column":26}}},"87":{"name":"(anonymous_87)","line":2067,"loc":{"start":{"line":2067,"column":17},"end":{"line":2067,"column":32}}},"88":{"name":"(anonymous_88)","line":2116,"loc":{"start":{"line":2116,"column":17},"end":{"line":2116,"column":32}}},"89":{"name":"(anonymous_89)","line":2181,"loc":{"start":{"line":2181,"column":13},"end":{"line":2181,"column":27}}},"90":{"name":"(anonymous_90)","line":2243,"loc":{"start":{"line":2243,"column":31},"end":{"line":2243,"column":43}}},"91":{"name":"(anonymous_91)","line":2248,"loc":{"start":{"line":2248,"column":23},"end":{"line":2248,"column":35}}}},"statementMap":{"1":{"start":{"line":13,"column":0},"end":{"line":2254,"column":4}},"2":{"start":{"line":16,"column":2},"end":{"line":25,"column":3}},"3":{"start":{"line":18,"column":4},"end":{"line":18,"column":104}},"4":{"start":{"line":19,"column":9},"end":{"line":25,"column":3}},"5":{"start":{"line":21,"column":4},"end":{"line":21,"column":70}},"6":{"start":{"line":24,"column":4},"end":{"line":24,"column":80}},"7":{"start":{"line":33,"column":2},"end":{"line":33,"column":30}},"8":{"start":{"line":35,"column":2},"end":{"line":78,"column":3}},"9":{"start":{"line":36,"column":4},"end":{"line":36,"column":45}},"10":{"start":{"line":37,"column":4},"end":{"line":37,"column":46}},"11":{"start":{"line":40,"column":4},"end":{"line":50,"column":5}},"12":{"start":{"line":41,"column":6},"end":{"line":47,"column":7}},"13":{"start":{"line":42,"column":8},"end":{"line":44,"column":9}},"14":{"start":{"line":43,"column":10},"end":{"line":43,"column":36}},"15":{"start":{"line":46,"column":8},"end":{"line":46,"column":28}},"16":{"start":{"line":49,"column":6},"end":{"line":49,"column":23}},"17":{"start":{"line":52,"column":4},"end":{"line":62,"column":5}},"18":{"start":{"line":53,"column":6},"end":{"line":55,"column":7}},"19":{"start":{"line":54,"column":8},"end":{"line":54,"column":73}},"20":{"start":{"line":57,"column":6},"end":{"line":61,"column":7}},"21":{"start":{"line":58,"column":8},"end":{"line":58,"column":33}},"22":{"start":{"line":60,"column":8},"end":{"line":60,"column":17}},"23":{"start":{"line":64,"column":4},"end":{"line":68,"column":5}},"24":{"start":{"line":65,"column":6},"end":{"line":67,"column":7}},"25":{"start":{"line":66,"column":8},"end":{"line":66,"column":68}},"26":{"start":{"line":70,"column":4},"end":{"line":70,"column":19}},"27":{"start":{"line":73,"column":4},"end":{"line":75,"column":5}},"28":{"start":{"line":74,"column":6},"end":{"line":74,"column":35}},"29":{"start":{"line":77,"column":4},"end":{"line":77,"column":16}},"30":{"start":{"line":80,"column":2},"end":{"line":80,"column":26}},"31":{"start":{"line":82,"column":2},"end":{"line":82,"column":24}},"32":{"start":{"line":83,"column":2},"end":{"line":83,"column":47}},"33":{"start":{"line":85,"column":2},"end":{"line":88,"column":3}},"34":{"start":{"line":87,"column":4},"end":{"line":87,"column":64}},"35":{"start":{"line":90,"column":2},"end":{"line":97,"column":3}},"36":{"start":{"line":92,"column":4},"end":{"line":94,"column":5}},"37":{"start":{"line":93,"column":6},"end":{"line":93,"column":25}},"38":{"start":{"line":96,"column":4},"end":{"line":96,"column":70}},"39":{"start":{"line":99,"column":2},"end":{"line":101,"column":3}},"40":{"start":{"line":100,"column":4},"end":{"line":100,"column":36}},"41":{"start":{"line":103,"column":2},"end":{"line":130,"column":3}},"42":{"start":{"line":104,"column":4},"end":{"line":104,"column":20}},"43":{"start":{"line":105,"column":4},"end":{"line":105,"column":18}},"44":{"start":{"line":107,"column":4},"end":{"line":115,"column":5}},"45":{"start":{"line":108,"column":6},"end":{"line":108,"column":20}},"46":{"start":{"line":109,"column":11},"end":{"line":115,"column":5}},"47":{"start":{"line":110,"column":6},"end":{"line":112,"column":7}},"48":{"start":{"line":111,"column":8},"end":{"line":111,"column":32}},"49":{"start":{"line":114,"column":6},"end":{"line":114,"column":27}},"50":{"start":{"line":117,"column":4},"end":{"line":127,"column":5}},"51":{"start":{"line":119,"column":6},"end":{"line":120,"column":42}},"52":{"start":{"line":122,"column":6},"end":{"line":126,"column":7}},"53":{"start":{"line":123,"column":8},"end":{"line":123,"column":26}},"54":{"start":{"line":124,"column":8},"end":{"line":124,"column":17}},"55":{"start":{"line":125,"column":8},"end":{"line":125,"column":12}},"56":{"start":{"line":129,"column":4},"end":{"line":129,"column":16}},"57":{"start":{"line":132,"column":2},"end":{"line":159,"column":3}},"58":{"start":{"line":133,"column":4},"end":{"line":133,"column":18}},"59":{"start":{"line":136,"column":4},"end":{"line":145,"column":5}},"60":{"start":{"line":138,"column":6},"end":{"line":142,"column":7}},"61":{"start":{"line":139,"column":8},"end":{"line":141,"column":9}},"62":{"start":{"line":140,"column":10},"end":{"line":140,"column":23}},"63":{"start":{"line":144,"column":6},"end":{"line":144,"column":18}},"64":{"start":{"line":147,"column":4},"end":{"line":147,"column":31}},"65":{"start":{"line
[...]
11},"end":{"line":461,"column":11}}]},"57":{"line":471,"type":"if","locations":[{"start":{"line":471,"column":4},"end":{"line":471,"column":4}},{"start":{"line":471,"column":4},"end":{"line":471,"column":4}}]},"58":{"line":471,"type":"binary-expr","locations":[{"start":{"line":471,"column":8},"end":{"line":471,"column":27}},{"start":{"line":471,"column":31},"end":{"line":471,"column":45}}]},"59":{"line":474,"type":"if","locations":[{"start":{"line":474,"column":11},"end":{"line":474,"column":11}},{"start":{"line":474,"column":11},"end":{"line":474,"column":11}}]},"60":{"line":476,"type":"if","locations":[{"start":{"line":476,"column":8},"end":{"line":476,"column":8}},{"start":{"line":476,"column":8},"end":{"line":476,"column":8}}]},"61":{"line":476,"type":"binary-expr","locations":[{"start":{"line":476,"column":12},"end":{"line":476,"column":34}},{"start":{"line":476,"column":38},"end":{"line":476,"column":55}}]},"62":{"line":482,"type":"if","locations":[{"start":{"line":482,"column":6},"end":{"line":482,"column":6}},{"start":{"line":482,"column":6},"end":{"line":482,"column":6}}]},"63":{"line":486,"type":"if","locations":[{"start":{"line":486,"column":11},"end":{"line":486,"column":11}},{"start":{"line":486,"column":11},"end":{"line":486,"column":11}}]},"64":{"line":488,"type":"if","locations":[{"start":{"line":488,"column":8},"end":{"line":488,"column":8}},{"start":{"line":488,"column":8},"end":{"line":488,"column":8}}]},"65":{"line":488,"type":"binary-expr","locations":[{"start":{"line":488,"column":12},"end":{"line":488,"column":33}},{"start":{"line":488,"column":37},"end":{"line":488,"column":59}},{"start":{"line":488,"column":63},"end":{"line":488,"column":80}}]},"66":{"line":494,"type":"if","locations":[{"start":{"line":494,"column":6},"end":{"line":494,"column":6}},{"start":{"line":494,"column":6},"end":{"line":494,"column":6}}]}},"code":["/*!"," * URI.js - Mutating URLs"," * URI Template Support - http://tools.ietf.org/html/rfc6570"," *"," * Version: 1.18.10"," *"," * Author: Rodney Rehm"," * Web: http://medialize.github.io/URI.js/"," *"," * Licensed under"," *   MIT License http://www.opensource.org/licenses/mit-license"," *"," */","(function (root, factory) {","  'use strict';","  // https://github.com/umdjs/umd/blob/master/returnExports.js","  if (typeof module === 'object' && module.exports) {","    // Node","    module.exports = factory(require('./URI'));","  } else if (typeof define === 'function' && define.amd) {","    // AMD. Register as an anonymous module.","    define(['./URI'], factory);","  } else {","    // Browser globals (root is window)","    root.URITemplate = factory(root.URI, root);","  }","}(this, function (URI, root) {","  'use strict';","  // FIXME: v2.0.0 renamce non-camelCase properties to uppercase","  /*jshint camelcase: false */","","  // save current URITemplate variable, if any","  var _URITemplate = root && root.URITemplate;","","  var hasOwn = Object.prototype.hasOwnProperty;","  function URITemplate(expression) {","    // serve from cache where possible","    if (URITemplate._cache[expression]) {","      return URITemplate._cache[expression];","    }","","    // Allow instantiation without the 'new' keyword","    if (!(this instanceof URITemplate)) {","      return new URITemplate(expression);","    }","","    this.expression = expression;","    URITemplate._cache[expression] = this;","    return this;","  }","","  function Data(data) {","    this.data = data;","    this.cache = {};","  }","","  var p = URITemplate.prototype;","  // list of operators and their defined options","  var operators = {","    // Simple string expansion","    '' : {","      prefix: '',","      separator: ',',","      named: false,","      empty_name_separator: false,","      encode : 'encode'","    },","    // Reserved character strings","    '+' : {","      prefix: '',","      separator: ',',","      named: false,","      empty_name_separator: false,","      encode : 'encodeReserved'","    },","    // Fragment identifiers prefixed by '#'","    '#' : {","      prefix: '#',","      separator: ',',","      named: false,","      empty_name_separator: false,","      encode : 'encodeReserved'","    },","    // Name labels or extensions prefixed by '.'","    '.' : {","      prefix: '.',","      separator: '.',","      named: false,","      empty_name_separator: false,","      encode : 'encode'","    },","    // Path segments prefixed by '/'","    '/' : {","      prefix: '/',","      separator: '/',","      named: false,","      empty_name_separator: false,","      encode : 'encode'","    },","    // Path parameter name or name=value pairs prefixed by ';'","    ';' : {","      prefix: ';',","      separator: ';',","      named: true,","      empty_name_separator: false,","      encode : 'encode'","    },","    // Query component beginning with '?' and consisting","    // of name=value pairs separated by '&'; an","    '?' : {","      prefix: '?',","      separator: '&',","      named: true,","      empty_name_separator: true,","      encode : 'encode'","    },","    // Continuation of query-style &name=value pairs","    // within a literal query component.","    '&' : {","      prefix: '&',","      separator: '&',","      named: true,","      empty_name_separator: true,","      encode : 'encode'","    }","","    // The operator characters equals (\"=\"), comma (\",\"), exclamation (\"!\"),","    // at sign (\"@\"), and pipe (\"|\") are reserved for future extensions.","  };","","  // storage for already parsed templates","  URITemplate._cache = {};","  // pattern to identify expressions [operator, variable-list] in template","  URITemplate.EXPRESSION_PATTERN = /\\{([^a-zA-Z0-9%_]?)([^\\}]+)(\\}|$)/g;","  // pattern to identify variables [name, explode, maxlength] in variable-list","  URITemplate.VARIABLE_PATTERN = /^([^*:.](?:\\.?[^*:.])*)((\\*)|:(\\d+))?$/;","  // pattern to verify variable name integrity","  URITemplate.VARIABLE_NAME_PATTERN = /[^a-zA-Z0-9%_.]/;","  // pattern to verify literal integrity","  URITemplate.LITERAL_PATTERN = /[<>{}\"`^| \\\\]/;","","  // expand parsed expression (expression, not template!)","  URITemplate.expand = function(expression, data, opts) {","    // container for defined options for the given operator","    var options = operators[expression.operator];","    // expansion type (include keys or not)","    var type = options.named ? 'Named' : 'Unnamed';","    // list of variables within the expression","    var variables = expression.variables;","    // result buffer for evaluating the expression","    var buffer = [];","    var d, variable, i;","","    for (i = 0; (variable = variables[i]); i++) {","      // fetch simplified data source","      d = data.get(variable.name);","      if (d.type === 0 && opts && opts.strict) {","          throw new Error('Missing expansion value for variable \"' + variable.name + '\"');","      }","      if (!d.val.length) {","        if (d.type) {","          // empty variables (empty string)","          // still lead to a separator being appended!","          buffer.push('');","        }","        // no data, no action","        continue;","      }","","      if (d.type > 1 && variable.maxlength) {","        // composite variable cannot specify maxlength","        throw new Error('Invalid expression: Prefix modifier not applicable to variable \"' + variable.name + '\"');","      }","","      // expand the given variable","      buffer.push(URITemplate['expand' + type](","        d,","        options,","        variable.explode,","        variable.explode && options.separator || ',',","        variable.maxlength,","        variable.name","      ));","    }","","    if (buffer.length) {","      return options.prefix + buffer.join(options.separator);","    } else {","      // prefix is not prepended for empty expressions","      return '';","    }","  };","  // expand a named variable","  URITemplate.expandNamed = function(d, options, explode, separator, length, name) {","    // variable result buffer","    var result = '';","    // peformance crap","    var encode = options.encode;","    var empty_name_separator = options.empty_name_separator;","    // flag noting if values are already encoded","    var _encode = !d[encode].length;","    // key for named expansion","    var _name = d.type === 2 ? '': URI[encode](name);","    var _value, i, l;","","    // for each found value","    for (i = 0, l = d.val.length; i < l; i++) {","      if (length) {","        // maxlength must be determined before encoding can happen","        _value = URI[encode](d.val[i][1].substring(0, length));","        if (d.type === 2) {","          // apply maxlength to keys of objects as well","          _name = URI[encode](d.val[i][0].substring(0, length));","        }","      } else if (_encode) {","        // encode value","        _value = URI[encode](d.val[i][1]);","        if (d.type === 2) {","          // encode name and cache encoded value","          _name = URI[encode](d.val[i][0]);","          d[encode].push([_name, _value]);","        } else {","          // cache encoded value","          d[encode].push([undefined, _value]);","        }","      } else {","        // values are already encoded and can be pulled from cache","        _value = d[encode][i][1];","        if (d.type === 2) {","          _name = d[encode][i][0];","        }","      }","","      if (result) {","        // unless we're the first value, prepend the separator","        result += separator;","      }","","      if (!explode) {","        if (!i) {","          // first element, so prepend variable name","          result += URI[encode](name) + (empty_name_separator || _value ? '=' : '');","        }","","        if (d.type === 2) {","          // without explode-modifier, keys of objects are returned comma-separated","          result += _name + ',';","        }","","        result += _value;","      } else {","        // only add the = if it is either default (?&) or there actually is a value (;)","        result += _name + (empty_name_separator || _value ? '=' : '') + _value;","      }","    }","","    return result;","  };","  // expand an unnamed variable","  URITemplate.expandUnnamed = function(d, options, explode, separator, length) {","    // variable result buffer","    var result = '';","    // performance crap","    var encode = options.encode;","    var empty_name_separator = options.empty_name_separator;","    // flag noting if values are already encoded","    var _encode = !d[encode].length;","    var _name, _value, i, l;","","    // for each found value","    for (i = 0, l = d.val.length; i < l; i++) {","      if (length) {","        // maxlength must be determined before encoding can happen","        _value = URI[encode](d.val[i][1].substring(0, length));","      } else if (_encode) {","        // encode and cache value","        _value = URI[encode](d.val[i][1]);","        d[encode].push([","          d.type === 2 ? URI[encode](d.val[i][0]) : undefined,","          _value","        ]);","      } else {","        // value already encoded, pull from cache","        _value = d[encode][i][1];","      }","","      if (result) {","        // unless we're the first value, prepend the separator","        result += separator;","      }","","      if (d.type === 2) {","        if (length) {","          // maxlength also applies to keys of objects","          _name = URI[encode](d.val[i][0].substring(0, length));","        } else {","          // at this point the name must already be encoded","          _name = d[encode][i][0];","        }","","        result += _name;","        if (explode) {","          // explode-modifier separates name and value by \"=\"","          result += (empty_name_separator || _value ? '=' : '');","        } else {","          // no explode-modifier separates name and value by \",\"","          result += ',';","        }","      }","","      result += _value;","    }","","    return result;","  };","","  URITemplate.noConflict = function() {","    if (root.URITemplate === URITemplate) {","      root.URITemplate = _URITemplate;","    }","","    return URITemplate;","  };","","  // expand template through given data map","  p.expand = function(data, opts) {","    var result = '';","","    if (!this.parts || !this.parts.length) {","      // lazilyy parse the template","      this.parse();","    }","","    if (!(data instanceof Data)) {","      // make given data available through the","      // optimized data handling thingie","      data = new Data(data);","    }","","    for (var i = 0, l = this.parts.length; i < l; i++) {","      /*jshint laxbreak: true */","      result += typeof this.parts[i] === 'string'","        // literal string","        ? this.parts[i]","        // expression","        : URITemplate.expand(this.parts[i], data, opts);","      /*jshint laxbreak: false */","    }","","    return result;","  };","  // parse template into action tokens","  p.parse = function() {","    // performance crap","    var expression = this.expression;","    var ePattern = URITemplate.EXPRESSION_PATTERN;","    var vPattern = URITemplate.VARIABLE_PATTERN;","    var nPattern = URITemplate.VARIABLE_NAME_PATTERN;","    var lPattern = URITemplate.LITERAL_PATTERN;","    // token result buffer","    var parts = [];","      // position within source template","    var pos = 0;","    var variables, eMatch, vMatch;","","    var checkLiteral = function(literal) {","      if (literal.match(lPattern)) {","        throw new Error('Invalid Literal \"' + literal + '\"');","      }","      return literal;","    };","","    // RegExp is shared accross all templates,","    // which requires a manual reset","    ePattern.lastIndex = 0;","    // I don't like while(foo = bar()) loops,","    // to make things simpler I go while(true) and break when required","    while (true) {","      eMatch = ePattern.exec(expression);","      if (eMatch === null) {","        // push trailing literal","        parts.push(checkLiteral(expression.substring(pos)));","        break;","      } else {","        // push leading literal","        parts.push(checkLiteral(expression.substring(pos, eMatch.index)));","        pos = eMatch.index + eMatch[0].length;","      }","","      if (!operators[eMatch[1]]) {","        throw new Error('Unknown Operator \"' + eMatch[1]  + '\" in \"' + eMatch[0] + '\"');","      } else if (!eMatch[3]) {","        throw new Error('Unclosed Expression \"' + eMatch[0]  + '\"');","      }","","      // parse variable-list","      variables = eMatch[2].split(',');","      for (var i = 0, l = variables.length; i < l; i++) {","        vMatch = variables[i].match(vPattern);","        if (vMatch === null) {","          throw new Error('Invalid Variable \"' + variables[i] + '\" in \"' + eMatch[0] + '\"');","        } else if (vMatch[1].match(nPattern)) {","          throw new Error('Invalid Variable Name \"' + vMatch[1] + '\" in \"' + eMatch[0] + '\"');","        }","","        variables[i] = {","          name: vMatch[1],","          explode: !!vMatch[3],","          maxlength: vMatch[4] && parseInt(vMatch[4], 10)","        };","      }","","      if (!variables.length) {","        throw new Error('Expression Missing Variable(s) \"' + eMatch[0] + '\"');","      }","","      parts.push({","        expression: eMatch[0],","        operator: eMatch[1],","        variables: variables","      });","    }","","    if (!parts.length) {","      // template doesn't contain any expressions","      // so it is a simple literal string","      // this probably should fire a warning or something?","      parts.push(checkLiteral(expression));","    }","","    this.parts = parts;","    return this;","  };","","  // simplify data structures","  Data.prototype.get = function(key) {","    // performance crap","    var data = this.data;","    // cache for processed data-point","    var d = {","      // type of data 0: undefined/null, 1: string, 2: object, 3: array","      type: 0,","      // original values (except undefined/null)","      val: [],","      // cache for encoded values (only for non-maxlength expansion)","      encode: [],","      encodeReserved: []","    };","    var i, l, value;","","    if (this.cache[key] !== undefined) {","      // we've already processed this key","      return this.cache[key];","    }","","    this.cache[key] = d;","","    if (String(Object.prototype.toString.call(data)) === '[object Function]') {","      // data itself is a callback (global callback)","      value = data(key);","    } else if (String(Object.prototype.toString.call(data[key])) === '[object Function]') {","      // data is a map of callbacks (local callback)","      value = data[key](key);","    } else {","      // data is a map of data","      value = data[key];","    }","","    // generalize input into [ [name1, value1], [name2, value2], … ]","    // so expansion has to deal with a single data structure only","    if (value === undefined || value === null) {","      // undefined and null values are to be ignored completely","      return d;","    } else if (String(Object.prototype.toString.call(value)) === '[object Array]') {","      for (i = 0, l = value.length; i < l; i++) {","        if (value[i] !== undefined && value[i] !== null) {","          // arrays don't have names","          d.val.push([undefined, String(value[i])]);","        }","      }","","      if (d.val.length) {","        // only treat non-empty arrays as arrays","        d.type = 3; // array","      }","    } else if (String(Object.prototype.toString.call(value)) === '[object Object]') {","      for (i in value) {","        if (hasOwn.call(value, i) && value[i] !== undefined && value[i] !== null) {","          // objects have keys, remember them for named expansion","          d.val.push([i, String(value[i])]);","        }","      }","","      if (d.val.length) {","        // only treat non-empty objects as objects","        d.type = 2; // object","      }","    } else {","      d.type = 1; // primitive string (could've been string, number, boolean and objects with a toString())","      // arrays don't have names","      d.val.push([undefined, String(value)]);","    }","","    return d;","  };","","  // hook into URI for fluid access","  URI.expand = function(expression, data) {","    var template = new URITemplate(expression);","    var expansion = template.expand(data);","","    return new URI(expansion);","  };","","  return URITemplate;","}));",""],"l":{"14":1,"17":1,"19":1,"20":0,"22":0,"25":0,"33":1,"35":1,"36":1,"38":0,"39":0,"43":0,"44":0,"47":0,"48":0,"49":0,"52":1,"53":0,"54":0,"57":1,"59":1,"132":1,"134":1,"136":1,"138":1,"140":1,"143":1,"145":0,"147":0,"149":0,"151":0,"152":0,"154":0,"156":0,"157":0,"158":0,"160":0,"161":0,"164":0,"167":0,"170":0,"172":0,"176":0,"186":0,"187":0,"190":0,"194":1,"196":0,"198":0,"199":0,"201":0,"203":0,"204":0,"207":0,"208":0,"210":0,"211":0,"213":0,"215":0,"217":0,"218":0,"220":0,"221":0,"224":0,"228":0,"229":0,"230":0,"234":0,"236":0,"239":0,"240":0,"242":0,"245":0,"247":0,"250":0,"253":0,"257":0,"260":1,"262":0,"264":0,"265":0,"267":0,"268":0,"271":0,"272":0,"274":0,"275":0,"277":0,"278":0,"284":0,"287":0,"289":0,"292":0,"293":0,"295":0,"298":0,"301":0,"302":0,"304":0,"307":0,"311":0,"314":0,"317":1,"318":0,"319":0,"322":0,"326":1,"327":0,"329":0,"331":0,"334":0,"337":0,"340":0,"342":0,"350":0,"353":1,"355":0,"356":0,"357":0,"358":0,"359":0,"361":0,"363":0,"364":0,"366":0,"367":0,"368":0,"370":0,"375":0,"378":0,"379":0,"380":0,"382":0,"383":0,"386":0,"387":0,"390":0,"391":0,"392":0,"393":0,"397":0,"398":0,"399":0,"400":0,"401":0,"402":0,"403":0,"406":0,"413":0,"414":0,"417":0,"424":0,"428":0,"431":0,"432":0,"436":1,"438":0,"440":0,"449":0,"451":0,"453":0,"456":0,"458":0,"460":0,"461":0,"463":0,"466":0,"471":0,"473":0,"474":0,"475":0,"476":0,"478":0,"482":0,"484":0,"486":0,"487":0,"488":0,"490":0,"494":0,"496":0,"499":0,"501":0,"504":0,"508":1,"509":0,"510":0,"512":0,"515":1}}}